[0.601s] DEBUG:colcon:Command line arguments: ['/usr/bin/colcon', 'build']
[0.601s] DEBUG:colcon:Parsed command line arguments: Namespace(allow_overriding=[], ament_cmake_args=None, base_paths=['.'], build_base='build', catkin_cmake_args=None, catkin_skip_building_tests=False, cmake_args=None, cmake_clean_cache=False, cmake_clean_first=False, cmake_force_configure=False, cmake_target=None, cmake_target_skip_unavailable=False, continue_on_error=False, event_handlers=None, executor='parallel', ignore_user_meta=False, install_base='install', log_base=None, log_level=None, main=<bound method BuildVerb.main of <colcon_core.verb.build.BuildVerb object at 0x7f96c4c73220>>, merge_install=False, metas=['./colcon.meta'], packages_above=None, packages_above_and_dependencies=None, packages_above_depth=None, packages_end=None, packages_ignore=None, packages_ignore_regex=None, packages_select=None, packages_select_build_failed=False, packages_select_by_dep=None, packages_select_regex=None, packages_select_test_failures=False, packages_skip=None, packages_skip_build_finished=False, packages_skip_by_dep=None, packages_skip_regex=None, packages_skip_test_passed=False, packages_skip_up_to=None, packages_start=None, packages_up_to=None, packages_up_to_regex=None, parallel_workers=2, paths=None, symlink_install=False, test_result_base=None, verb_extension=<colcon_core.verb.build.BuildVerb object at 0x7f96c4c73220>, verb_name='build', verb_parser=<colcon_defaults.argument_parser.defaults.DefaultArgumentsDecorator object at 0x7f96c4c736d0>)
[0.656s] Level 1:colcon.colcon_core.package_discovery:discover_packages(colcon_meta) check parameters
[0.657s] Level 1:colcon.colcon_core.package_discovery:discover_packages(recursive) check parameters
[0.657s] Level 1:colcon.colcon_core.package_discovery:discover_packages(ignore) check parameters
[0.658s] Level 1:colcon.colcon_core.package_discovery:discover_packages(path) check parameters
[0.658s] Level 1:colcon.colcon_core.package_discovery:discover_packages(colcon_meta) discover
[0.658s] Level 1:colcon.colcon_core.package_discovery:discover_packages(recursive) discover
[0.659s] INFO:colcon.colcon_core.package_discovery:Crawling recursively for packages in '/home/ros_ws'
[0.659s] Level 1:colcon.colcon_core.package_identification:_identify(.) by extensions ['ignore', 'ignore_ament_install']
[0.660s] Level 1:colcon.colcon_core.package_identification:_identify(.) by extension 'ignore'
[0.660s] Level 1:colcon.colcon_core.package_identification:_identify(.) by extension 'ignore_ament_install'
[0.660s] Level 1:colcon.colcon_core.package_identification:_identify(.) by extensions ['colcon_pkg']
[0.660s] Level 1:colcon.colcon_core.package_identification:_identify(.) by extension 'colcon_pkg'
[0.661s] Level 1:colcon.colcon_core.package_identification:_identify(.) by extensions ['colcon_meta']
[0.661s] Level 1:colcon.colcon_core.package_identification:_identify(.) by extension 'colcon_meta'
[0.661s] Level 1:colcon.colcon_core.package_identification:_identify(.) by extensions ['ros']
[0.661s] Level 1:colcon.colcon_core.package_identification:_identify(.) by extension 'ros'
[0.697s] Level 1:colcon.colcon_core.package_identification:_identify(.) by extensions ['cmake', 'python']
[0.698s] Level 1:colcon.colcon_core.package_identification:_identify(.) by extension 'cmake'
[0.698s] Level 1:colcon.colcon_core.package_identification:_identify(.) by extension 'python'
[0.698s] Level 1:colcon.colcon_core.package_identification:_identify(.) by extensions ['python_setup_py']
[0.699s] Level 1:colcon.colcon_core.package_identification:_identify(.) by extension 'python_setup_py'
[0.699s] Level 1:colcon.colcon_core.package_identification:_identify(build) by extensions ['ignore', 'ignore_ament_install']
[0.699s] Level 1:colcon.colcon_core.package_identification:_identify(build) by extension 'ignore'
[0.700s] Level 1:colcon.colcon_core.package_identification:_identify(build) ignored
[0.700s] Level 1:colcon.colcon_core.package_identification:_identify(install) by extensions ['ignore', 'ignore_ament_install']
[0.700s] Level 1:colcon.colcon_core.package_identification:_identify(install) by extension 'ignore'
[0.700s] Level 1:colcon.colcon_core.package_identification:_identify(install) ignored
[0.701s] Level 1:colcon.colcon_core.package_identification:_identify(log) by extensions ['ignore', 'ignore_ament_install']
[0.701s] Level 1:colcon.colcon_core.package_identification:_identify(log) by extension 'ignore'
[0.701s] Level 1:colcon.colcon_core.package_identification:_identify(log) ignored
[0.701s] Level 1:colcon.colcon_core.package_identification:_identify(src) by extensions ['ignore', 'ignore_ament_install']
[0.702s] Level 1:colcon.colcon_core.package_identification:_identify(src) by extension 'ignore'
[0.702s] Level 1:colcon.colcon_core.package_identification:_identify(src) by extension 'ignore_ament_install'
[0.702s] Level 1:colcon.colcon_core.package_identification:_identify(src) by extensions ['colcon_pkg']
[0.702s] Level 1:colcon.colcon_core.package_identification:_identify(src) by extension 'colcon_pkg'
[0.702s] Level 1:colcon.colcon_core.package_identification:_identify(src) by extensions ['colcon_meta']
[0.702s] Level 1:colcon.colcon_core.package_identification:_identify(src) by extension 'colcon_meta'
[0.702s] Level 1:colcon.colcon_core.package_identification:_identify(src) by extensions ['ros']
[0.702s] Level 1:colcon.colcon_core.package_identification:_identify(src) by extension 'ros'
[0.702s] Level 1:colcon.colcon_core.package_identification:_identify(src) by extensions ['cmake', 'python']
[0.702s] Level 1:colcon.colcon_core.package_identification:_identify(src) by extension 'cmake'
[0.702s] Level 1:colcon.colcon_core.package_identification:_identify(src) by extension 'python'
[0.702s] Level 1:colcon.colcon_core.package_identification:_identify(src) by extensions ['python_setup_py']
[0.702s] Level 1:colcon.colcon_core.package_identification:_identify(src) by extension 'python_setup_py'
[0.702s] Level 1:colcon.colcon_core.package_identification:_identify(src/global_interface) by extensions ['ignore', 'ignore_ament_install']
[0.702s] Level 1:colcon.colcon_core.package_identification:_identify(src/global_interface) by extension 'ignore'
[0.702s] Level 1:colcon.colcon_core.package_identification:_identify(src/global_interface) by extension 'ignore_ament_install'
[0.702s] Level 1:colcon.colcon_core.package_identification:_identify(src/global_interface) by extensions ['colcon_pkg']
[0.702s] Level 1:colcon.colcon_core.package_identification:_identify(src/global_interface) by extension 'colcon_pkg'
[0.703s] Level 1:colcon.colcon_core.package_identification:_identify(src/global_interface) by extensions ['colcon_meta']
[0.703s] Level 1:colcon.colcon_core.package_identification:_identify(src/global_interface) by extension 'colcon_meta'
[0.704s] Level 1:colcon.colcon_core.package_identification:_identify(src/global_interface) by extensions ['ros']
[0.704s] Level 1:colcon.colcon_core.package_identification:_identify(src/global_interface) by extension 'ros'
[0.709s] DEBUG:colcon.colcon_core.package_identification:Package 'src/global_interface' with type 'ros.ament_cmake' and name 'global_interface'
[0.709s] Level 1:colcon.colcon_core.package_identification:_identify(src/params_learning) by extensions ['ignore', 'ignore_ament_install']
[0.710s] Level 1:colcon.colcon_core.package_identification:_identify(src/params_learning) by extension 'ignore'
[0.710s] Level 1:colcon.colcon_core.package_identification:_identify(src/params_learning) by extension 'ignore_ament_install'
[0.710s] Level 1:colcon.colcon_core.package_identification:_identify(src/params_learning) by extensions ['colcon_pkg']
[0.710s] Level 1:colcon.colcon_core.package_identification:_identify(src/params_learning) by extension 'colcon_pkg'
[0.710s] Level 1:colcon.colcon_core.package_identification:_identify(src/params_learning) by extensions ['colcon_meta']
[0.710s] Level 1:colcon.colcon_core.package_identification:_identify(src/params_learning) by extension 'colcon_meta'
[0.710s] Level 1:colcon.colcon_core.package_identification:_identify(src/params_learning) by extensions ['ros']
[0.710s] Level 1:colcon.colcon_core.package_identification:_identify(src/params_learning) by extension 'ros'
[0.711s] DEBUG:colcon.colcon_core.package_identification:Package 'src/params_learning' with type 'ros.ament_cmake' and name 'params_learning'
[0.711s] Level 1:colcon.colcon_core.package_discovery:discover_packages(recursive) using defaults
[0.712s] Level 1:colcon.colcon_core.package_discovery:discover_packages(ignore) discover
[0.712s] Level 1:colcon.colcon_core.package_discovery:discover_packages(ignore) using defaults
[0.712s] Level 1:colcon.colcon_core.package_discovery:discover_packages(path) discover
[0.712s] Level 1:colcon.colcon_core.package_discovery:discover_packages(path) using defaults
[0.750s] Level 1:colcon.colcon_core.package_discovery:discover_packages(prefix_path) check parameters
[0.750s] Level 1:colcon.colcon_core.package_discovery:discover_packages(prefix_path) discover
[0.763s] DEBUG:colcon.colcon_installed_package_information.package_discovery:Found 268 installed packages in /opt/ros/galactic
[0.765s] Level 1:colcon.colcon_core.package_discovery:discover_packages(prefix_path) using defaults
[0.967s] Level 5:colcon.colcon_core.verb:set package 'global_interface' build argument 'cmake_args' from command line to 'None'
[0.967s] Level 5:colcon.colcon_core.verb:set package 'global_interface' build argument 'cmake_target' from command line to 'None'
[0.968s] Level 5:colcon.colcon_core.verb:set package 'global_interface' build argument 'cmake_target_skip_unavailable' from command line to 'False'
[0.968s] Level 5:colcon.colcon_core.verb:set package 'global_interface' build argument 'cmake_clean_cache' from command line to 'False'
[0.968s] Level 5:colcon.colcon_core.verb:set package 'global_interface' build argument 'cmake_clean_first' from command line to 'False'
[0.968s] Level 5:colcon.colcon_core.verb:set package 'global_interface' build argument 'cmake_force_configure' from command line to 'False'
[0.968s] Level 5:colcon.colcon_core.verb:set package 'global_interface' build argument 'ament_cmake_args' from command line to 'None'
[0.968s] Level 5:colcon.colcon_core.verb:set package 'global_interface' build argument 'catkin_cmake_args' from command line to 'None'
[0.968s] Level 5:colcon.colcon_core.verb:set package 'global_interface' build argument 'catkin_skip_building_tests' from command line to 'False'
[0.968s] DEBUG:colcon.colcon_core.verb:Building package 'global_interface' with the following arguments: {'ament_cmake_args': None, 'build_base': '/home/ros_ws/build/global_interface', 'catkin_cmake_args': None, 'catkin_skip_building_tests': False, 'cmake_args': None, 'cmake_clean_cache': False, 'cmake_clean_first': False, 'cmake_force_configure': False, 'cmake_target': None, 'cmake_target_skip_unavailable': False, 'install_base': '/home/ros_ws/install/global_interface', 'merge_install': False, 'path': '/home/ros_ws/src/global_interface', 'symlink_install': False, 'test_result_base': None}
[0.969s] Level 5:colcon.colcon_core.verb:set package 'params_learning' build argument 'cmake_args' from command line to 'None'
[0.969s] Level 5:colcon.colcon_core.verb:set package 'params_learning' build argument 'cmake_target' from command line to 'None'
[0.969s] Level 5:colcon.colcon_core.verb:set package 'params_learning' build argument 'cmake_target_skip_unavailable' from command line to 'False'
[0.969s] Level 5:colcon.colcon_core.verb:set package 'params_learning' build argument 'cmake_clean_cache' from command line to 'False'
[0.969s] Level 5:colcon.colcon_core.verb:set package 'params_learning' build argument 'cmake_clean_first' from command line to 'False'
[0.969s] Level 5:colcon.colcon_core.verb:set package 'params_learning' build argument 'cmake_force_configure' from command line to 'False'
[0.969s] Level 5:colcon.colcon_core.verb:set package 'params_learning' build argument 'ament_cmake_args' from command line to 'None'
[0.969s] Level 5:colcon.colcon_core.verb:set package 'params_learning' build argument 'catkin_cmake_args' from command line to 'None'
[0.969s] Level 5:colcon.colcon_core.verb:set package 'params_learning' build argument 'catkin_skip_building_tests' from command line to 'False'
[0.969s] DEBUG:colcon.colcon_core.verb:Building package 'params_learning' with the following arguments: {'ament_cmake_args': None, 'build_base': '/home/ros_ws/build/params_learning', 'catkin_cmake_args': None, 'catkin_skip_building_tests': False, 'cmake_args': None, 'cmake_clean_cache': False, 'cmake_clean_first': False, 'cmake_force_configure': False, 'cmake_target': None, 'cmake_target_skip_unavailable': False, 'install_base': '/home/ros_ws/install/params_learning', 'merge_install': False, 'path': '/home/ros_ws/src/params_learning', 'symlink_install': False, 'test_result_base': None}
[0.970s] INFO:colcon.colcon_core.executor:Executing jobs using 'parallel' executor
[0.973s] DEBUG:colcon.colcon_parallel_executor.executor.parallel:run_until_complete
[0.973s] INFO:colcon.colcon_ros.task.ament_cmake.build:Building ROS package in '/home/ros_ws/src/global_interface' with build type 'ament_cmake'
[0.973s] INFO:colcon.colcon_cmake.task.cmake.build:Building CMake package in '/home/ros_ws/src/global_interface'
[0.979s] INFO:colcon.colcon_core.plugin_system:Skipping extension 'colcon_core.shell.bat': Not used on non-Windows systems
[0.979s] INFO:colcon.colcon_core.shell:Skip shell extension 'powershell' for command environment: Not usable outside of PowerShell
[0.980s] DEBUG:colcon.colcon_core.shell:Skip shell extension 'dsv' for command environment
[0.985s] INFO:colcon.colcon_ros.task.ament_cmake.build:Building ROS package in '/home/ros_ws/src/params_learning' with build type 'ament_cmake'
[0.985s] INFO:colcon.colcon_cmake.task.cmake.build:Building CMake package in '/home/ros_ws/src/params_learning'
[0.986s] INFO:colcon.colcon_core.shell:Skip shell extension 'powershell' for command environment: Not usable outside of PowerShell
[0.987s] DEBUG:colcon.colcon_core.shell:Skip shell extension 'dsv' for command environment
[0.996s] DEBUG:colcon.colcon_core.event_handler.log_command:Invoking command in '/home/ros_ws/build/global_interface': CMAKE_PREFIX_PATH=/opt/ros/galactic /usr/bin/cmake --build /home/ros_ws/build/global_interface -- -j2 -l2
[1.010s] DEBUG:colcon.colcon_core.event_handler.log_command:Invoking command in '/home/ros_ws/build/params_learning': CMAKE_PREFIX_PATH=/opt/ros/galactic /usr/bin/cmake --build /home/ros_ws/build/params_learning -- -j2 -l2
[1.040s] DEBUG:colcon.colcon_core.event_handler.log_command:Invoked command in '/home/ros_ws/build/global_interface' returned '0': CMAKE_PREFIX_PATH=/opt/ros/galactic /usr/bin/cmake --build /home/ros_ws/build/global_interface -- -j2 -l2
[1.084s] DEBUG:colcon.colcon_core.event_handler.log_command:Invoking command in '/home/ros_ws/build/global_interface': CMAKE_PREFIX_PATH=/opt/ros/galactic /usr/bin/cmake --install /home/ros_ws/build/global_interface
[1.105s] Level 1:colcon.colcon_core.environment:create_environment_scripts_only(global_interface)
[1.105s] DEBUG:colcon.colcon_core.event_handler.log_command:Invoked command in '/home/ros_ws/build/global_interface' returned '0': CMAKE_PREFIX_PATH=/opt/ros/galactic /usr/bin/cmake --install /home/ros_ws/build/global_interface
[1.155s] Level 1:colcon.colcon_core.environment:checking '/home/ros_ws/install/global_interface' for CMake module files
[1.155s] Level 1:colcon.colcon_core.environment:checking '/home/ros_ws/install/global_interface' for CMake config files
[1.155s] Level 1:colcon.colcon_core.shell:create_environment_hook('global_interface', 'cmake_prefix_path')
[1.157s] INFO:colcon.colcon_core.shell:Creating environment hook '/home/ros_ws/install/global_interface/share/global_interface/hook/cmake_prefix_path.ps1'
[1.158s] INFO:colcon.colcon_core.shell:Creating environment descriptor '/home/ros_ws/install/global_interface/share/global_interface/hook/cmake_prefix_path.dsv'
[1.158s] INFO:colcon.colcon_core.shell:Creating environment hook '/home/ros_ws/install/global_interface/share/global_interface/hook/cmake_prefix_path.sh'
[1.159s] Level 1:colcon.colcon_core.environment:checking '/home/ros_ws/install/global_interface/bin'
[1.159s] Level 1:colcon.colcon_core.environment:checking '/home/ros_ws/install/global_interface/lib/pkgconfig/global_interface.pc'
[1.159s] Level 1:colcon.colcon_core.environment:checking '/home/ros_ws/install/global_interface/lib/python3.8/site-packages'
[1.159s] Level 1:colcon.colcon_core.environment:checking '/home/ros_ws/install/global_interface/bin'
[1.161s] INFO:colcon.colcon_core.shell:Creating package script '/home/ros_ws/install/global_interface/share/global_interface/package.ps1'
[1.161s] INFO:colcon.colcon_core.shell:Creating package descriptor '/home/ros_ws/install/global_interface/share/global_interface/package.dsv'
[1.162s] INFO:colcon.colcon_core.shell:Creating package script '/home/ros_ws/install/global_interface/share/global_interface/package.sh'
[1.162s] INFO:colcon.colcon_core.shell:Creating package script '/home/ros_ws/install/global_interface/share/global_interface/package.bash'
[1.163s] INFO:colcon.colcon_core.shell:Creating package script '/home/ros_ws/install/global_interface/share/global_interface/package.zsh'
[1.164s] Level 1:colcon.colcon_core.environment:create_file_with_runtime_dependencies(/home/ros_ws/install/global_interface/share/colcon-core/packages/global_interface)
[1.208s] Level 1:colcon.colcon_core.environment:create_environment_scripts_only(global_interface)
[1.210s] Level 1:colcon.colcon_core.environment:checking '/home/ros_ws/install/global_interface' for CMake module files
[1.210s] Level 1:colcon.colcon_core.environment:checking '/home/ros_ws/install/global_interface' for CMake config files
[1.211s] Level 1:colcon.colcon_core.shell:create_environment_hook('global_interface', 'cmake_prefix_path')
[1.212s] INFO:colcon.colcon_core.shell:Creating environment hook '/home/ros_ws/install/global_interface/share/global_interface/hook/cmake_prefix_path.ps1'
[1.212s] INFO:colcon.colcon_core.shell:Creating environment descriptor '/home/ros_ws/install/global_interface/share/global_interface/hook/cmake_prefix_path.dsv'
[1.213s] INFO:colcon.colcon_core.shell:Creating environment hook '/home/ros_ws/install/global_interface/share/global_interface/hook/cmake_prefix_path.sh'
[1.213s] Level 1:colcon.colcon_core.environment:checking '/home/ros_ws/install/global_interface/bin'
[1.213s] Level 1:colcon.colcon_core.environment:checking '/home/ros_ws/install/global_interface/lib/pkgconfig/global_interface.pc'
[1.213s] Level 1:colcon.colcon_core.environment:checking '/home/ros_ws/install/global_interface/lib/python3.8/site-packages'
[1.213s] Level 1:colcon.colcon_core.environment:checking '/home/ros_ws/install/global_interface/bin'
[1.215s] INFO:colcon.colcon_core.shell:Creating package script '/home/ros_ws/install/global_interface/share/global_interface/package.ps1'
[1.215s] INFO:colcon.colcon_core.shell:Creating package descriptor '/home/ros_ws/install/global_interface/share/global_interface/package.dsv'
[1.215s] INFO:colcon.colcon_core.shell:Creating package script '/home/ros_ws/install/global_interface/share/global_interface/package.sh'
[1.216s] INFO:colcon.colcon_core.shell:Creating package script '/home/ros_ws/install/global_interface/share/global_interface/package.bash'
[1.216s] INFO:colcon.colcon_core.shell:Creating package script '/home/ros_ws/install/global_interface/share/global_interface/package.zsh'
[1.216s] Level 1:colcon.colcon_core.environment:create_file_with_runtime_dependencies(/home/ros_ws/install/global_interface/share/colcon-core/packages/global_interface)
[5.054s] DEBUG:colcon.colcon_core.event_handler.log_command:Invoked command in '/home/ros_ws/build/params_learning' returned '2': CMAKE_PREFIX_PATH=/opt/ros/galactic /usr/bin/cmake --build /home/ros_ws/build/params_learning -- -j2 -l2
[5.073s] Level 1:colcon.colcon_core.environment:create_environment_scripts_only(params_learning)
[5.075s] Level 1:colcon.colcon_core.environment:checking '/home/ros_ws/install/params_learning' for CMake module files
[5.076s] Level 1:colcon.colcon_core.environment:checking '/home/ros_ws/install/params_learning' for CMake config files
[5.076s] Level 1:colcon.colcon_core.shell:create_environment_hook('params_learning', 'cmake_prefix_path')
[5.078s] INFO:colcon.colcon_core.shell:Creating environment hook '/home/ros_ws/install/params_learning/share/params_learning/hook/cmake_prefix_path.ps1'
[5.079s] INFO:colcon.colcon_core.shell:Creating environment descriptor '/home/ros_ws/install/params_learning/share/params_learning/hook/cmake_prefix_path.dsv'
[5.081s] INFO:colcon.colcon_core.shell:Creating environment hook '/home/ros_ws/install/params_learning/share/params_learning/hook/cmake_prefix_path.sh'
[5.082s] Level 1:colcon.colcon_core.environment:checking '/home/ros_ws/install/params_learning/lib'
[5.083s] Level 1:colcon.colcon_core.environment:checking '/home/ros_ws/install/params_learning/bin'
[5.083s] Level 1:colcon.colcon_core.environment:checking '/home/ros_ws/install/params_learning/lib/pkgconfig/params_learning.pc'
[5.084s] Level 1:colcon.colcon_core.environment:checking '/home/ros_ws/install/params_learning/lib/python3.8/site-packages'
[5.084s] Level 1:colcon.colcon_core.environment:checking '/home/ros_ws/install/params_learning/bin'
[5.086s] INFO:colcon.colcon_core.shell:Creating package script '/home/ros_ws/install/params_learning/share/params_learning/package.ps1'
[5.088s] INFO:colcon.colcon_core.shell:Creating package descriptor '/home/ros_ws/install/params_learning/share/params_learning/package.dsv'
[5.089s] INFO:colcon.colcon_core.shell:Creating package script '/home/ros_ws/install/params_learning/share/params_learning/package.sh'
[5.090s] INFO:colcon.colcon_core.shell:Creating package script '/home/ros_ws/install/params_learning/share/params_learning/package.bash'
[5.091s] INFO:colcon.colcon_core.shell:Creating package script '/home/ros_ws/install/params_learning/share/params_learning/package.zsh'
[5.093s] Level 1:colcon.colcon_core.environment:create_file_with_runtime_dependencies(/home/ros_ws/install/params_learning/share/colcon-core/packages/params_learning)
[5.095s] DEBUG:colcon.colcon_parallel_executor.executor.parallel:closing loop
[5.095s] DEBUG:colcon.colcon_parallel_executor.executor.parallel:loop closed
[5.095s] DEBUG:colcon.colcon_parallel_executor.executor.parallel:run_until_complete finished with '2'
[5.095s] DEBUG:colcon.colcon_core.event_reactor:joining thread
[5.111s] INFO:colcon.colcon_core.plugin_system:Skipping extension 'colcon_notification.desktop_notification.notify_send': Could not find 'notify-send'
[5.112s] INFO:colcon.colcon_core.plugin_system:Skipping extension 'colcon_notification.desktop_notification.terminal_notifier': Not used on non-Darwin systems
[5.112s] INFO:colcon.colcon_core.plugin_system:Skipping extension 'colcon_notification.desktop_notification.win32': Not used on non-Windows systems
[5.112s] INFO:colcon.colcon_notification.desktop_notification:Sending desktop notification using 'notify2'
[5.113s] DEBUG:colcon.colcon_notification.desktop_notification.notify2:Failed to initialize notify2: org.freedesktop.DBus.Error.ServiceUnknown: The name org.freedesktop.Notifications was not provided by any .service files
[5.114s] DEBUG:colcon.colcon_core.event_reactor:joined thread
[5.116s] INFO:colcon.colcon_core.shell:Creating prefix script '/home/ros_ws/install/local_setup.ps1'
[5.118s] INFO:colcon.colcon_core.shell:Creating prefix util module '/home/ros_ws/install/_local_setup_util_ps1.py'
[5.119s] INFO:colcon.colcon_core.shell:Creating prefix chain script '/home/ros_ws/install/setup.ps1'
[5.126s] INFO:colcon.colcon_core.shell:Creating prefix script '/home/ros_ws/install/local_setup.sh'
[5.128s] INFO:colcon.colcon_core.shell:Creating prefix util module '/home/ros_ws/install/_local_setup_util_sh.py'
[5.129s] INFO:colcon.colcon_core.shell:Creating prefix chain script '/home/ros_ws/install/setup.sh'
[5.131s] INFO:colcon.colcon_core.shell:Creating prefix script '/home/ros_ws/install/local_setup.bash'
[5.132s] INFO:colcon.colcon_core.shell:Creating prefix chain script '/home/ros_ws/install/setup.bash'
[5.134s] INFO:colcon.colcon_core.shell:Creating prefix script '/home/ros_ws/install/local_setup.zsh'
[5.135s] INFO:colcon.colcon_core.shell:Creating prefix chain script '/home/ros_ws/install/setup.zsh'
