[35m[1mScanning dependencies of target pub[0m
[ 50%] [32mBuilding CXX object CMakeFiles/pub.dir/src/pub.cpp.o[0m
[01m[K/home/ros_ws/src/params_learning/src/pub.cpp:[m[K In constructor ‘[01m[KCustomPublisher::CustomPublisher()[m[K’:
[01m[K/home/ros_ws/src/params_learning/src/pub.cpp:15:3:[m[K [01;31m[Kerror: [m[Kno matching function for call to ‘[01m[KCustomPublisher::create_wall_timer<StringType>(std::chrono::milliseconds, std::_Bind_helper<false, void (CustomPublisher::*)(), CustomPublisher*>::type)[m[K’
   15 |   [01;31m[K)[m[K;
      |   [01;31m[K^[m[K
In file included from [01m[K/opt/ros/galactic/include/rclcpp/executors/single_threaded_executor.hpp:28[m[K,
                 from [01m[K/opt/ros/galactic/include/rclcpp/executors.hpp:22[m[K,
                 from [01m[K/opt/ros/galactic/include/rclcpp/rclcpp.hpp:156[m[K,
                 from [01m[K/home/ros_ws/src/params_learning/src/pub.cpp:2[m[K:
[01m[K/opt/ros/galactic/include/rclcpp/node.hpp:248:3:[m[K [01;36m[Knote: [m[Kcandidate: ‘[01m[Ktemplate<class DurationRepT, class DurationT, class CallbackT> typename rclcpp::WallTimer<CallbackT>::SharedPtr rclcpp::Node::create_wall_timer(std::chrono::duration<_Rep1, _Period1>, CallbackT, rclcpp::CallbackGroup::SharedPtr)[m[K’
  248 |   [01;36m[Kcreate_wall_timer[m[K(
      |   [01;36m[K^~~~~~~~~~~~~~~~~[m[K
[01m[K/opt/ros/galactic/include/rclcpp/node.hpp:248:3:[m[K [01;36m[Knote: [m[K  template argument deduction/substitution failed:
[01m[K/home/ros_ws/src/params_learning/src/pub.cpp:15:3:[m[K [01;36m[Knote: [m[K  mismatched types ‘[01m[Kstd_msgs::msg::String_<std::allocator<void> >[m[K’ and ‘[01m[Klong int[m[K’
   15 |   [01;36m[K)[m[K;
      |   [01;36m[K^[m[K
make[2]: *** [CMakeFiles/pub.dir/build.make:63: CMakeFiles/pub.dir/src/pub.cpp.o] Error 1
make[1]: *** [CMakeFiles/Makefile2:78: CMakeFiles/pub.dir/all] Error 2
make: *** [Makefile:141: all] Error 2
