[01m[K/home/ros_ws/src/params_learning/src/pub.cpp:[m[K In member function ‘[01m[Krcl_interfaces::msg::SetParametersResult CustomPublisher::paramsCallback(const std::vector<rclcpp::Parameter>&)[m[K’:
[01m[K/home/ros_ws/src/params_learning/src/pub.cpp:49:13:[m[K [01;31m[Kerror: [m[Kinvalid conversion from ‘[01m[Kconst void*[m[K’ to ‘[01m[Kvoid*[m[K’ [[01;31m[K-fpermissive[m[K]
   49 |  free([01;31m[Kthis->msg_data_[m[K);
      |       [01;31m[K~~~~~~^~~~~~~~~[m[K
      |             [01;31m[K|[m[K
      |             [01;31m[Kconst void*[m[K
In file included from [01m[K/usr/include/c++/9/cstdlib:75[m[K,
                 from [01m[K/usr/include/c++/9/ext/string_conversions.h:41[m[K,
                 from [01m[K/usr/include/c++/9/bits/basic_string.h:6496[m[K,
                 from [01m[K/usr/include/c++/9/string:55[m[K,
                 from [01m[K/usr/include/c++/9/bits/locale_classes.h:40[m[K,
                 from [01m[K/usr/include/c++/9/bits/ios_base.h:41[m[K,
                 from [01m[K/usr/include/c++/9/ios:42[m[K,
                 from [01m[K/usr/include/c++/9/ostream:38[m[K,
                 from [01m[K/usr/include/c++/9/iostream:39[m[K,
                 from [01m[K/home/ros_ws/src/params_learning/src/pub.cpp:1[m[K:
[01m[K/usr/include/stdlib.h:565:25:[m[K [01;36m[Knote: [m[K  initializing argument 1 of ‘[01m[Kvoid free(void*)[m[K’
  565 | extern void free ([01;36m[Kvoid *__ptr[m[K) __THROW;
      |                   [01;36m[K~~~~~~^~~~~[m[K
make[2]: *** [CMakeFiles/pub.dir/build.make:63: CMakeFiles/pub.dir/src/pub.cpp.o] Error 1
make[1]: *** [CMakeFiles/Makefile2:78: CMakeFiles/pub.dir/all] Error 2
make: *** [Makefile:141: all] Error 2
