[01m[K/home/ros_ws/src/params_learning/src/pub.cpp:[m[K In constructor ‘[01m[KCustomPublisher::CustomPublisher()[m[K’:
[01m[K/home/ros_ws/src/params_learning/src/pub.cpp:20:45:[m[K [01;31m[Kerror: [m[K‘[01m[KString[m[K’ was not declared in this scope; did you mean ‘[01m[Kstd_msgs::msg::String[m[K’?
   20 |   subscription_ = this->create_subscription<[01;31m[KString[m[K>(
      |                                             [01;31m[K^~~~~~[m[K
      |                                             [32m[Kstd_msgs::msg::String[m[K
In file included from [01m[K/opt/ros/galactic/include/std_msgs/msg/string.hpp:7[m[K,
                 from [01m[K/home/ros_ws/src/params_learning/src/pub.cpp:3[m[K:
[01m[K/opt/ros/galactic/include/std_msgs/msg/detail/string__struct.hpp:121:7:[m[K [01;36m[Knote: [m[K‘[01m[Kstd_msgs::msg::String[m[K’ declared here
  121 | using [01;36m[KString[m[K =
      |       [01;36m[K^~~~~~[m[K
[01m[K/home/ros_ws/src/params_learning/src/pub.cpp:21:48:[m[K [01;31m[Kerror: [m[K‘[01m[KCustomSubscriber[m[K’ has not been declared
   21 |                 "custom_topic", 10, std::bind(&[01;31m[KCustomSubscriber[m[K::custom_callback, this, std::placeholders::_1)
      |                                                [01;31m[K^~~~~~~~~~~~~~~~[m[K
In file included from [01m[K/opt/ros/galactic/include/rclcpp/client.hpp:40[m[K,
                 from [01m[K/opt/ros/galactic/include/rclcpp/callback_group.hpp:23[m[K,
                 from [01m[K/opt/ros/galactic/include/rclcpp/any_executable.hpp:20[m[K,
                 from [01m[K/opt/ros/galactic/include/rclcpp/memory_strategy.hpp:25[m[K,
                 from [01m[K/opt/ros/galactic/include/rclcpp/memory_strategies.hpp:18[m[K,
                 from [01m[K/opt/ros/galactic/include/rclcpp/executor_options.hpp:20[m[K,
                 from [01m[K/opt/ros/galactic/include/rclcpp/executor.hpp:36[m[K,
                 from [01m[K/opt/ros/galactic/include/rclcpp/executors/multi_threaded_executor.hpp:26[m[K,
                 from [01m[K/opt/ros/galactic/include/rclcpp/executors.hpp:21[m[K,
                 from [01m[K/opt/ros/galactic/include/rclcpp/rclcpp.hpp:156[m[K,
                 from [01m[K/home/ros_ws/src/params_learning/src/pub.cpp:2[m[K:
[01m[K/home/ros_ws/src/params_learning/src/pub.cpp:[m[K In member function ‘[01m[Kvoid CustomPublisher::custom_callback()[m[K’:
[01m[K/home/ros_ws/src/params_learning/src/pub.cpp:58:41:[m[K [01;31m[Kerror: [m[Kcannot convert ‘[01m[Kstd::string[m[K’ {aka ‘[01m[Kstd::__cxx11::basic_string<char>[m[K’} to ‘[01m[Kconst char*[m[K’
   58 |   RCLCPP_INFO(this->get_logger(), [01;31m[Kthis->msg_text[m[K);
      |                                   [01;31m[K~~~~~~^~~~~~~~[m[K
      |                                         [01;31m[K|[m[K
      |                                         [01;31m[Kstd::string {aka std::__cxx11::basic_string<char>}[m[K
In file included from [01m[K/opt/ros/galactic/include/rmw/types.h:28[m[K,
                 from [01m[K/opt/ros/galactic/include/rcl/types.h:20[m[K,
                 from [01m[K/opt/ros/galactic/include/rcl/log_level.h:22[m[K,
                 from [01m[K/opt/ros/galactic/include/rcl/arguments.h:21[m[K,
                 from [01m[K/opt/ros/galactic/include/rcl/context.h:28[m[K,
                 from [01m[K/opt/ros/galactic/include/rcl/guard_condition.h:26[m[K,
                 from [01m[K/opt/ros/galactic/include/rclcpp/executor.hpp:30[m[K,
                 from [01m[K/opt/ros/galactic/include/rclcpp/executors/multi_threaded_executor.hpp:26[m[K,
                 from [01m[K/opt/ros/galactic/include/rclcpp/executors.hpp:21[m[K,
                 from [01m[K/opt/ros/galactic/include/rclcpp/rclcpp.hpp:156[m[K,
                 from [01m[K/home/ros_ws/src/params_learning/src/pub.cpp:2[m[K:
[01m[K/opt/ros/galactic/include/rcutils/logging.h:479:16:[m[K [01;36m[Knote: [m[K  initializing argument 4 of ‘[01m[Kvoid rcutils_log(const rcutils_log_location_t*, int, const char*, const char*, ...)[m[K’
  479 |   [01;36m[Kconst char * format[m[K,
      |   [01;36m[K~~~~~~~~~~~~~^~~~~~[m[K
make[2]: *** [CMakeFiles/pub.dir/build.make:63: CMakeFiles/pub.dir/src/pub.cpp.o] Error 1
make[1]: *** [CMakeFiles/Makefile2:78: CMakeFiles/pub.dir/all] Error 2
make: *** [Makefile:141: all] Error 2
