[0.015s] Invoking command in '/home/ros_ws/build/params_learning': CMAKE_PREFIX_PATH=/opt/ros/galactic /usr/bin/cmake /home/ros_ws/src/params_learning -DCMAKE_INSTALL_PREFIX=/home/ros_ws/install/params_learning
[0.413s] -- The C compiler identification is GNU 9.4.0
[0.627s] -- The CXX compiler identification is GNU 9.4.0
[0.645s] -- Check for working C compiler: /usr/bin/cc
[0.731s] -- Check for working C compiler: /usr/bin/cc -- works
[0.733s] -- Detecting C compiler ABI info
[0.813s] -- Detecting C compiler ABI info - done
[0.823s] -- Detecting C compile features
[0.824s] -- Detecting C compile features - done
[0.827s] -- Check for working CXX compiler: /usr/bin/c++
[0.894s] -- Check for working CXX compiler: /usr/bin/c++ -- works
[0.895s] -- Detecting CXX compiler ABI info
[0.967s] -- Detecting CXX compiler ABI info - done
[0.976s] -- Detecting CXX compile features
[0.977s] -- Detecting CXX compile features - done
[0.988s] -- Found ament_cmake: 1.1.6 (/opt/ros/galactic/share/ament_cmake/cmake)
[1.020s] -- Found PythonInterp: /usr/bin/python3 (found suitable version "3.8.10", minimum required is "3") 
[1.020s] -- Using PYTHON_EXECUTABLE: /usr/bin/python3
[1.190s] -- Found ament_lint_auto: 0.10.7 (/opt/ros/galactic/share/ament_lint_auto/cmake)
[1.292s] -- Added test 'copyright' to check source files copyright and LICENSE
[1.296s] -- Added test 'cppcheck' to perform static code analysis on C / C++ code
[1.296s] -- Configured cppcheck include dirs: 
[1.296s] -- Configured cppcheck exclude dirs and/or files: 
[1.298s] -- Added test 'cpplint' to check C / C++ code against the Google style
[1.298s] -- Configured cpplint exclude dirs and/or files: 
[1.300s] -- Added test 'lint_cmake' to check CMake code style
[1.302s] -- Added test 'uncrustify' to check C / C++ code style
[1.303s] -- Configured uncrustify additional arguments: 
[1.304s] -- Added test 'xmllint' to check XML markup files
[1.311s] -- Configuring done
[1.313s] -- Generating done
[1.315s] -- Build files have been written to: /home/ros_ws/build/params_learning
[1.321s] Invoked command in '/home/ros_ws/build/params_learning' returned '0': CMAKE_PREFIX_PATH=/opt/ros/galactic /usr/bin/cmake /home/ros_ws/src/params_learning -DCMAKE_INSTALL_PREFIX=/home/ros_ws/install/params_learning
[1.322s] Invoking command in '/home/ros_ws/build/params_learning': CMAKE_PREFIX_PATH=/opt/ros/galactic /usr/bin/cmake --build /home/ros_ws/build/params_learning -- -j2 -l2
[1.355s] Invoked command in '/home/ros_ws/build/params_learning' returned '0': CMAKE_PREFIX_PATH=/opt/ros/galactic /usr/bin/cmake --build /home/ros_ws/build/params_learning -- -j2 -l2
[1.380s] Invoking command in '/home/ros_ws/build/params_learning': CMAKE_PREFIX_PATH=/opt/ros/galactic /usr/bin/cmake --install /home/ros_ws/build/params_learning
[1.391s] -- Install configuration: ""
[1.392s] -- Installing: /home/ros_ws/install/params_learning/share/ament_index/resource_index/package_run_dependencies/params_learning
[1.393s] -- Installing: /home/ros_ws/install/params_learning/share/ament_index/resource_index/parent_prefix_path/params_learning
[1.395s] -- Installing: /home/ros_ws/install/params_learning/share/params_learning/environment/ament_prefix_path.sh
[1.396s] -- Installing: /home/ros_ws/install/params_learning/share/params_learning/environment/ament_prefix_path.dsv
[1.399s] -- Installing: /home/ros_ws/install/params_learning/share/params_learning/environment/path.sh
[1.399s] -- Installing: /home/ros_ws/install/params_learning/share/params_learning/environment/path.dsv
[1.399s] -- Installing: /home/ros_ws/install/params_learning/share/params_learning/local_setup.bash
[1.399s] -- Installing: /home/ros_ws/install/params_learning/share/params_learning/local_setup.sh
[1.400s] -- Installing: /home/ros_ws/install/params_learning/share/params_learning/local_setup.zsh
[1.400s] -- Installing: /home/ros_ws/install/params_learning/share/params_learning/local_setup.dsv
[1.400s] -- Installing: /home/ros_ws/install/params_learning/share/params_learning/package.dsv
[1.401s] -- Installing: /home/ros_ws/install/params_learning/share/ament_index/resource_index/packages/params_learning
[1.401s] -- Installing: /home/ros_ws/install/params_learning/share/params_learning/cmake/params_learningConfig.cmake
[1.401s] -- Installing: /home/ros_ws/install/params_learning/share/params_learning/cmake/params_learningConfig-version.cmake
[1.403s] -- Installing: /home/ros_ws/install/params_learning/share/params_learning/package.xml
[1.403s] Invoked command in '/home/ros_ws/build/params_learning' returned '0': CMAKE_PREFIX_PATH=/opt/ros/galactic /usr/bin/cmake --install /home/ros_ws/build/params_learning
