[0.286s] DEBUG:colcon:Command line arguments: ['/usr/bin/colcon', 'build']
[0.286s] DEBUG:colcon:Parsed command line arguments: Namespace(allow_overriding=[], ament_cmake_args=None, base_paths=['.'], build_base='build', catkin_cmake_args=None, catkin_skip_building_tests=False, cmake_args=None, cmake_clean_cache=False, cmake_clean_first=False, cmake_force_configure=False, cmake_target=None, cmake_target_skip_unavailable=False, continue_on_error=False, event_handlers=None, executor='parallel', ignore_user_meta=False, install_base='install', log_base=None, log_level=None, main=<bound method BuildVerb.main of <colcon_core.verb.build.BuildVerb object at 0x7f7dfc2356a0>>, merge_install=False, metas=['./colcon.meta'], packages_above=None, packages_above_and_dependencies=None, packages_above_depth=None, packages_end=None, packages_ignore=None, packages_ignore_regex=None, packages_select=None, packages_select_build_failed=False, packages_select_by_dep=None, packages_select_regex=None, packages_select_test_failures=False, packages_skip=None, packages_skip_build_finished=False, packages_skip_by_dep=None, packages_skip_regex=None, packages_skip_test_passed=False, packages_skip_up_to=None, packages_start=None, packages_up_to=None, packages_up_to_regex=None, parallel_workers=2, paths=None, symlink_install=False, test_result_base=None, verb_extension=<colcon_core.verb.build.BuildVerb object at 0x7f7dfc2356a0>, verb_name='build', verb_parser=<colcon_defaults.argument_parser.defaults.DefaultArgumentsDecorator object at 0x7f7dfc235b50>)
[0.309s] Level 1:colcon.colcon_core.package_discovery:discover_packages(colcon_meta) check parameters
[0.310s] Level 1:colcon.colcon_core.package_discovery:discover_packages(recursive) check parameters
[0.310s] Level 1:colcon.colcon_core.package_discovery:discover_packages(ignore) check parameters
[0.310s] Level 1:colcon.colcon_core.package_discovery:discover_packages(path) check parameters
[0.310s] Level 1:colcon.colcon_core.package_discovery:discover_packages(colcon_meta) discover
[0.310s] Level 1:colcon.colcon_core.package_discovery:discover_packages(recursive) discover
[0.310s] INFO:colcon.colcon_core.package_discovery:Crawling recursively for packages in '/home/ros_ws'
[0.311s] Level 1:colcon.colcon_core.package_identification:_identify(.) by extensions ['ignore', 'ignore_ament_install']
[0.311s] Level 1:colcon.colcon_core.package_identification:_identify(.) by extension 'ignore'
[0.311s] Level 1:colcon.colcon_core.package_identification:_identify(.) by extension 'ignore_ament_install'
[0.311s] Level 1:colcon.colcon_core.package_identification:_identify(.) by extensions ['colcon_pkg']
[0.311s] Level 1:colcon.colcon_core.package_identification:_identify(.) by extension 'colcon_pkg'
[0.311s] Level 1:colcon.colcon_core.package_identification:_identify(.) by extensions ['colcon_meta']
[0.311s] Level 1:colcon.colcon_core.package_identification:_identify(.) by extension 'colcon_meta'
[0.311s] Level 1:colcon.colcon_core.package_identification:_identify(.) by extensions ['ros']
[0.312s] Level 1:colcon.colcon_core.package_identification:_identify(.) by extension 'ros'
[0.331s] Level 1:colcon.colcon_core.package_identification:_identify(.) by extensions ['cmake', 'python']
[0.332s] Level 1:colcon.colcon_core.package_identification:_identify(.) by extension 'cmake'
[0.332s] Level 1:colcon.colcon_core.package_identification:_identify(.) by extension 'python'
[0.332s] Level 1:colcon.colcon_core.package_identification:_identify(.) by extensions ['python_setup_py']
[0.332s] Level 1:colcon.colcon_core.package_identification:_identify(.) by extension 'python_setup_py'
[0.332s] Level 1:colcon.colcon_core.package_identification:_identify(build) by extensions ['ignore', 'ignore_ament_install']
[0.332s] Level 1:colcon.colcon_core.package_identification:_identify(build) by extension 'ignore'
[0.333s] Level 1:colcon.colcon_core.package_identification:_identify(build) ignored
[0.333s] Level 1:colcon.colcon_core.package_identification:_identify(install) by extensions ['ignore', 'ignore_ament_install']
[0.333s] Level 1:colcon.colcon_core.package_identification:_identify(install) by extension 'ignore'
[0.333s] Level 1:colcon.colcon_core.package_identification:_identify(install) ignored
[0.333s] Level 1:colcon.colcon_core.package_identification:_identify(log) by extensions ['ignore', 'ignore_ament_install']
[0.333s] Level 1:colcon.colcon_core.package_identification:_identify(log) by extension 'ignore'
[0.334s] Level 1:colcon.colcon_core.package_identification:_identify(log) ignored
[0.334s] Level 1:colcon.colcon_core.package_identification:_identify(src) by extensions ['ignore', 'ignore_ament_install']
[0.334s] Level 1:colcon.colcon_core.package_identification:_identify(src) by extension 'ignore'
[0.334s] Level 1:colcon.colcon_core.package_identification:_identify(src) by extension 'ignore_ament_install'
[0.334s] Level 1:colcon.colcon_core.package_identification:_identify(src) by extensions ['colcon_pkg']
[0.334s] Level 1:colcon.colcon_core.package_identification:_identify(src) by extension 'colcon_pkg'
[0.334s] Level 1:colcon.colcon_core.package_identification:_identify(src) by extensions ['colcon_meta']
[0.335s] Level 1:colcon.colcon_core.package_identification:_identify(src) by extension 'colcon_meta'
[0.335s] Level 1:colcon.colcon_core.package_identification:_identify(src) by extensions ['ros']
[0.335s] Level 1:colcon.colcon_core.package_identification:_identify(src) by extension 'ros'
[0.335s] Level 1:colcon.colcon_core.package_identification:_identify(src) by extensions ['cmake', 'python']
[0.335s] Level 1:colcon.colcon_core.package_identification:_identify(src) by extension 'cmake'
[0.335s] Level 1:colcon.colcon_core.package_identification:_identify(src) by extension 'python'
[0.336s] Level 1:colcon.colcon_core.package_identification:_identify(src) by extensions ['python_setup_py']
[0.336s] Level 1:colcon.colcon_core.package_identification:_identify(src) by extension 'python_setup_py'
[0.336s] Level 1:colcon.colcon_core.package_identification:_identify(src/global_interface) by extensions ['ignore', 'ignore_ament_install']
[0.336s] Level 1:colcon.colcon_core.package_identification:_identify(src/global_interface) by extension 'ignore'
[0.336s] Level 1:colcon.colcon_core.package_identification:_identify(src/global_interface) by extension 'ignore_ament_install'
[0.336s] Level 1:colcon.colcon_core.package_identification:_identify(src/global_interface) by extensions ['colcon_pkg']
[0.336s] Level 1:colcon.colcon_core.package_identification:_identify(src/global_interface) by extension 'colcon_pkg'
[0.337s] Level 1:colcon.colcon_core.package_identification:_identify(src/global_interface) by extensions ['colcon_meta']
[0.337s] Level 1:colcon.colcon_core.package_identification:_identify(src/global_interface) by extension 'colcon_meta'
[0.337s] Level 1:colcon.colcon_core.package_identification:_identify(src/global_interface) by extensions ['ros']
[0.337s] Level 1:colcon.colcon_core.package_identification:_identify(src/global_interface) by extension 'ros'
[0.339s] DEBUG:colcon.colcon_core.package_identification:Package 'src/global_interface' with type 'ros.ament_cmake' and name 'global_interface'
[0.340s] Level 1:colcon.colcon_core.package_identification:_identify(src/params_learning) by extensions ['ignore', 'ignore_ament_install']
[0.340s] Level 1:colcon.colcon_core.package_identification:_identify(src/params_learning) by extension 'ignore'
[0.340s] Level 1:colcon.colcon_core.package_identification:_identify(src/params_learning) by extension 'ignore_ament_install'
[0.340s] Level 1:colcon.colcon_core.package_identification:_identify(src/params_learning) by extensions ['colcon_pkg']
[0.340s] Level 1:colcon.colcon_core.package_identification:_identify(src/params_learning) by extension 'colcon_pkg'
[0.340s] Level 1:colcon.colcon_core.package_identification:_identify(src/params_learning) by extensions ['colcon_meta']
[0.341s] Level 1:colcon.colcon_core.package_identification:_identify(src/params_learning) by extension 'colcon_meta'
[0.341s] Level 1:colcon.colcon_core.package_identification:_identify(src/params_learning) by extensions ['ros']
[0.341s] Level 1:colcon.colcon_core.package_identification:_identify(src/params_learning) by extension 'ros'
[0.341s] DEBUG:colcon.colcon_core.package_identification:Package 'src/params_learning' with type 'ros.ament_cmake' and name 'params_learning'
[0.342s] Level 1:colcon.colcon_core.package_discovery:discover_packages(recursive) using defaults
[0.342s] Level 1:colcon.colcon_core.package_discovery:discover_packages(ignore) discover
[0.342s] Level 1:colcon.colcon_core.package_discovery:discover_packages(ignore) using defaults
[0.342s] Level 1:colcon.colcon_core.package_discovery:discover_packages(path) discover
[0.342s] Level 1:colcon.colcon_core.package_discovery:discover_packages(path) using defaults
[0.359s] Level 1:colcon.colcon_core.package_discovery:discover_packages(prefix_path) check parameters
[0.360s] Level 1:colcon.colcon_core.package_discovery:discover_packages(prefix_path) discover
[0.362s] DEBUG:colcon.colcon_installed_package_information.package_discovery:Found 2 installed packages in /home/ros_ws/install
[0.364s] DEBUG:colcon.colcon_installed_package_information.package_discovery:Found 268 installed packages in /opt/ros/galactic
[0.366s] Level 1:colcon.colcon_core.package_discovery:discover_packages(prefix_path) using defaults
[0.432s] Level 5:colcon.colcon_core.verb:set package 'global_interface' build argument 'cmake_args' from command line to 'None'
[0.432s] Level 5:colcon.colcon_core.verb:set package 'global_interface' build argument 'cmake_target' from command line to 'None'
[0.432s] Level 5:colcon.colcon_core.verb:set package 'global_interface' build argument 'cmake_target_skip_unavailable' from command line to 'False'
[0.432s] Level 5:colcon.colcon_core.verb:set package 'global_interface' build argument 'cmake_clean_cache' from command line to 'False'
[0.433s] Level 5:colcon.colcon_core.verb:set package 'global_interface' build argument 'cmake_clean_first' from command line to 'False'
[0.433s] Level 5:colcon.colcon_core.verb:set package 'global_interface' build argument 'cmake_force_configure' from command line to 'False'
[0.433s] Level 5:colcon.colcon_core.verb:set package 'global_interface' build argument 'ament_cmake_args' from command line to 'None'
[0.433s] Level 5:colcon.colcon_core.verb:set package 'global_interface' build argument 'catkin_cmake_args' from command line to 'None'
[0.433s] Level 5:colcon.colcon_core.verb:set package 'global_interface' build argument 'catkin_skip_building_tests' from command line to 'False'
[0.433s] DEBUG:colcon.colcon_core.verb:Building package 'global_interface' with the following arguments: {'ament_cmake_args': None, 'build_base': '/home/ros_ws/build/global_interface', 'catkin_cmake_args': None, 'catkin_skip_building_tests': False, 'cmake_args': None, 'cmake_clean_cache': False, 'cmake_clean_first': False, 'cmake_force_configure': False, 'cmake_target': None, 'cmake_target_skip_unavailable': False, 'install_base': '/home/ros_ws/install/global_interface', 'merge_install': False, 'path': '/home/ros_ws/src/global_interface', 'symlink_install': False, 'test_result_base': None}
[0.434s] Level 5:colcon.colcon_core.verb:set package 'params_learning' build argument 'cmake_args' from command line to 'None'
[0.434s] Level 5:colcon.colcon_core.verb:set package 'params_learning' build argument 'cmake_target' from command line to 'None'
[0.435s] Level 5:colcon.colcon_core.verb:set package 'params_learning' build argument 'cmake_target_skip_unavailable' from command line to 'False'
[0.435s] Level 5:colcon.colcon_core.verb:set package 'params_learning' build argument 'cmake_clean_cache' from command line to 'False'
[0.435s] Level 5:colcon.colcon_core.verb:set package 'params_learning' build argument 'cmake_clean_first' from command line to 'False'
[0.435s] Level 5:colcon.colcon_core.verb:set package 'params_learning' build argument 'cmake_force_configure' from command line to 'False'
[0.435s] Level 5:colcon.colcon_core.verb:set package 'params_learning' build argument 'ament_cmake_args' from command line to 'None'
[0.435s] Level 5:colcon.colcon_core.verb:set package 'params_learning' build argument 'catkin_cmake_args' from command line to 'None'
[0.435s] Level 5:colcon.colcon_core.verb:set package 'params_learning' build argument 'catkin_skip_building_tests' from command line to 'False'
[0.435s] DEBUG:colcon.colcon_core.verb:Building package 'params_learning' with the following arguments: {'ament_cmake_args': None, 'build_base': '/home/ros_ws/build/params_learning', 'catkin_cmake_args': None, 'catkin_skip_building_tests': False, 'cmake_args': None, 'cmake_clean_cache': False, 'cmake_clean_first': False, 'cmake_force_configure': False, 'cmake_target': None, 'cmake_target_skip_unavailable': False, 'install_base': '/home/ros_ws/install/params_learning', 'merge_install': False, 'path': '/home/ros_ws/src/params_learning', 'symlink_install': False, 'test_result_base': None}
[0.436s] INFO:colcon.colcon_core.executor:Executing jobs using 'parallel' executor
[0.440s] DEBUG:colcon.colcon_parallel_executor.executor.parallel:run_until_complete
[0.440s] INFO:colcon.colcon_ros.task.ament_cmake.build:Building ROS package in '/home/ros_ws/src/global_interface' with build type 'ament_cmake'
[0.440s] INFO:colcon.colcon_cmake.task.cmake.build:Building CMake package in '/home/ros_ws/src/global_interface'
[0.444s] INFO:colcon.colcon_core.plugin_system:Skipping extension 'colcon_core.shell.bat': Not used on non-Windows systems
[0.445s] INFO:colcon.colcon_core.shell:Skip shell extension 'powershell' for command environment: Not usable outside of PowerShell
[0.445s] DEBUG:colcon.colcon_core.shell:Skip shell extension 'dsv' for command environment
[0.453s] INFO:colcon.colcon_ros.task.ament_cmake.build:Building ROS package in '/home/ros_ws/src/params_learning' with build type 'ament_cmake'
[0.453s] INFO:colcon.colcon_cmake.task.cmake.build:Building CMake package in '/home/ros_ws/src/params_learning'
[0.455s] INFO:colcon.colcon_core.shell:Skip shell extension 'powershell' for command environment: Not usable outside of PowerShell
[0.455s] DEBUG:colcon.colcon_core.shell:Skip shell extension 'dsv' for command environment
[0.468s] DEBUG:colcon.colcon_core.event_handler.log_command:Invoking command in '/home/ros_ws/build/global_interface': CMAKE_PREFIX_PATH=${CMAKE_PREFIX_PATH}:/opt/ros/galactic /usr/bin/cmake --build /home/ros_ws/build/global_interface -- -j2 -l2
[0.474s] DEBUG:colcon.colcon_core.event_handler.log_command:Invoking command in '/home/ros_ws/build/params_learning': CMAKE_PREFIX_PATH=${CMAKE_PREFIX_PATH}:/opt/ros/galactic /usr/bin/cmake --build /home/ros_ws/build/params_learning -- -j2 -l2
[0.517s] DEBUG:colcon.colcon_core.event_handler.log_command:Invoked command in '/home/ros_ws/build/global_interface' returned '0': CMAKE_PREFIX_PATH=${CMAKE_PREFIX_PATH}:/opt/ros/galactic /usr/bin/cmake --build /home/ros_ws/build/global_interface -- -j2 -l2
[0.559s] DEBUG:colcon.colcon_core.event_handler.log_command:Invoking command in '/home/ros_ws/build/global_interface': CMAKE_PREFIX_PATH=${CMAKE_PREFIX_PATH}:/opt/ros/galactic /usr/bin/cmake --install /home/ros_ws/build/global_interface
[0.578s] Level 1:colcon.colcon_core.environment:create_environment_scripts_only(global_interface)
[0.580s] DEBUG:colcon.colcon_core.event_handler.log_command:Invoked command in '/home/ros_ws/build/global_interface' returned '0': CMAKE_PREFIX_PATH=${CMAKE_PREFIX_PATH}:/opt/ros/galactic /usr/bin/cmake --install /home/ros_ws/build/global_interface
[0.583s] Level 1:colcon.colcon_core.environment:checking '/home/ros_ws/install/global_interface' for CMake module files
[0.584s] Level 1:colcon.colcon_core.environment:checking '/home/ros_ws/install/global_interface' for CMake config files
[0.584s] Level 1:colcon.colcon_core.shell:create_environment_hook('global_interface', 'cmake_prefix_path')
[0.585s] INFO:colcon.colcon_core.shell:Creating environment hook '/home/ros_ws/install/global_interface/share/global_interface/hook/cmake_prefix_path.ps1'
[0.586s] INFO:colcon.colcon_core.shell:Creating environment descriptor '/home/ros_ws/install/global_interface/share/global_interface/hook/cmake_prefix_path.dsv'
[0.586s] INFO:colcon.colcon_core.shell:Creating environment hook '/home/ros_ws/install/global_interface/share/global_interface/hook/cmake_prefix_path.sh'
[0.587s] Level 1:colcon.colcon_core.environment:checking '/home/ros_ws/install/global_interface/bin'
[0.588s] Level 1:colcon.colcon_core.environment:checking '/home/ros_ws/install/global_interface/lib/pkgconfig/global_interface.pc'
[0.588s] Level 1:colcon.colcon_core.environment:checking '/home/ros_ws/install/global_interface/lib/python3.8/site-packages'
[0.588s] Level 1:colcon.colcon_core.environment:checking '/home/ros_ws/install/global_interface/bin'
[0.590s] INFO:colcon.colcon_core.shell:Creating package script '/home/ros_ws/install/global_interface/share/global_interface/package.ps1'
[0.590s] INFO:colcon.colcon_core.shell:Creating package descriptor '/home/ros_ws/install/global_interface/share/global_interface/package.dsv'
[0.591s] INFO:colcon.colcon_core.shell:Creating package script '/home/ros_ws/install/global_interface/share/global_interface/package.sh'
[0.592s] INFO:colcon.colcon_core.shell:Creating package script '/home/ros_ws/install/global_interface/share/global_interface/package.bash'
[0.592s] INFO:colcon.colcon_core.shell:Creating package script '/home/ros_ws/install/global_interface/share/global_interface/package.zsh'
[0.593s] Level 1:colcon.colcon_core.environment:create_file_with_runtime_dependencies(/home/ros_ws/install/global_interface/share/colcon-core/packages/global_interface)
[0.615s] Level 1:colcon.colcon_core.environment:create_environment_scripts_only(global_interface)
[0.617s] Level 1:colcon.colcon_core.environment:checking '/home/ros_ws/install/global_interface' for CMake module files
[0.618s] Level 1:colcon.colcon_core.environment:checking '/home/ros_ws/install/global_interface' for CMake config files
[0.618s] Level 1:colcon.colcon_core.shell:create_environment_hook('global_interface', 'cmake_prefix_path')
[0.619s] INFO:colcon.colcon_core.shell:Creating environment hook '/home/ros_ws/install/global_interface/share/global_interface/hook/cmake_prefix_path.ps1'
[0.620s] INFO:colcon.colcon_core.shell:Creating environment descriptor '/home/ros_ws/install/global_interface/share/global_interface/hook/cmake_prefix_path.dsv'
[0.620s] INFO:colcon.colcon_core.shell:Creating environment hook '/home/ros_ws/install/global_interface/share/global_interface/hook/cmake_prefix_path.sh'
[0.621s] Level 1:colcon.colcon_core.environment:checking '/home/ros_ws/install/global_interface/bin'
[0.621s] Level 1:colcon.colcon_core.environment:checking '/home/ros_ws/install/global_interface/lib/pkgconfig/global_interface.pc'
[0.621s] Level 1:colcon.colcon_core.environment:checking '/home/ros_ws/install/global_interface/lib/python3.8/site-packages'
[0.621s] Level 1:colcon.colcon_core.environment:checking '/home/ros_ws/install/global_interface/bin'
[0.623s] INFO:colcon.colcon_core.shell:Creating package script '/home/ros_ws/install/global_interface/share/global_interface/package.ps1'
[0.624s] INFO:colcon.colcon_core.shell:Creating package descriptor '/home/ros_ws/install/global_interface/share/global_interface/package.dsv'
[0.625s] INFO:colcon.colcon_core.shell:Creating package script '/home/ros_ws/install/global_interface/share/global_interface/package.sh'
[0.625s] INFO:colcon.colcon_core.shell:Creating package script '/home/ros_ws/install/global_interface/share/global_interface/package.bash'
[0.626s] INFO:colcon.colcon_core.shell:Creating package script '/home/ros_ws/install/global_interface/share/global_interface/package.zsh'
[0.626s] Level 1:colcon.colcon_core.environment:create_file_with_runtime_dependencies(/home/ros_ws/install/global_interface/share/colcon-core/packages/global_interface)
[4.116s] DEBUG:colcon.colcon_core.event_handler.log_command:Invoked command in '/home/ros_ws/build/params_learning' returned '0': CMAKE_PREFIX_PATH=${CMAKE_PREFIX_PATH}:/opt/ros/galactic /usr/bin/cmake --build /home/ros_ws/build/params_learning -- -j2 -l2
[4.137s] DEBUG:colcon.colcon_core.event_handler.log_command:Invoking command in '/home/ros_ws/build/params_learning': CMAKE_PREFIX_PATH=${CMAKE_PREFIX_PATH}:/opt/ros/galactic /usr/bin/cmake --install /home/ros_ws/build/params_learning
[4.168s] Level 1:colcon.colcon_core.environment:create_environment_scripts_only(params_learning)
[4.171s] Level 1:colcon.colcon_core.environment:checking '/home/ros_ws/install/params_learning' for CMake module files
[4.171s] DEBUG:colcon.colcon_core.event_handler.log_command:Invoked command in '/home/ros_ws/build/params_learning' returned '0': CMAKE_PREFIX_PATH=${CMAKE_PREFIX_PATH}:/opt/ros/galactic /usr/bin/cmake --install /home/ros_ws/build/params_learning
[4.172s] Level 1:colcon.colcon_core.environment:checking '/home/ros_ws/install/params_learning' for CMake config files
[4.172s] Level 1:colcon.colcon_core.shell:create_environment_hook('params_learning', 'cmake_prefix_path')
[4.174s] INFO:colcon.colcon_core.shell:Creating environment hook '/home/ros_ws/install/params_learning/share/params_learning/hook/cmake_prefix_path.ps1'
[4.175s] INFO:colcon.colcon_core.shell:Creating environment descriptor '/home/ros_ws/install/params_learning/share/params_learning/hook/cmake_prefix_path.dsv'
[4.176s] INFO:colcon.colcon_core.shell:Creating environment hook '/home/ros_ws/install/params_learning/share/params_learning/hook/cmake_prefix_path.sh'
[4.177s] Level 1:colcon.colcon_core.environment:checking '/home/ros_ws/install/params_learning/lib'
[4.177s] Level 1:colcon.colcon_core.environment:checking '/home/ros_ws/install/params_learning/bin'
[4.177s] Level 1:colcon.colcon_core.environment:checking '/home/ros_ws/install/params_learning/lib/pkgconfig/params_learning.pc'
[4.177s] Level 1:colcon.colcon_core.environment:checking '/home/ros_ws/install/params_learning/lib/python3.8/site-packages'
[4.178s] Level 1:colcon.colcon_core.environment:checking '/home/ros_ws/install/params_learning/bin'
[4.179s] INFO:colcon.colcon_core.shell:Creating package script '/home/ros_ws/install/params_learning/share/params_learning/package.ps1'
[4.181s] INFO:colcon.colcon_core.shell:Creating package descriptor '/home/ros_ws/install/params_learning/share/params_learning/package.dsv'
[4.182s] INFO:colcon.colcon_core.shell:Creating package script '/home/ros_ws/install/params_learning/share/params_learning/package.sh'
[4.183s] INFO:colcon.colcon_core.shell:Creating package script '/home/ros_ws/install/params_learning/share/params_learning/package.bash'
[4.184s] INFO:colcon.colcon_core.shell:Creating package script '/home/ros_ws/install/params_learning/share/params_learning/package.zsh'
[4.184s] Level 1:colcon.colcon_core.environment:create_file_with_runtime_dependencies(/home/ros_ws/install/params_learning/share/colcon-core/packages/params_learning)
[4.206s] Level 1:colcon.colcon_core.environment:create_environment_scripts_only(params_learning)
[4.208s] Level 1:colcon.colcon_core.environment:checking '/home/ros_ws/install/params_learning' for CMake module files
[4.209s] Level 1:colcon.colcon_core.environment:checking '/home/ros_ws/install/params_learning' for CMake config files
[4.209s] Level 1:colcon.colcon_core.shell:create_environment_hook('params_learning', 'cmake_prefix_path')
[4.210s] INFO:colcon.colcon_core.shell:Creating environment hook '/home/ros_ws/install/params_learning/share/params_learning/hook/cmake_prefix_path.ps1'
[4.211s] INFO:colcon.colcon_core.shell:Creating environment descriptor '/home/ros_ws/install/params_learning/share/params_learning/hook/cmake_prefix_path.dsv'
[4.212s] INFO:colcon.colcon_core.shell:Creating environment hook '/home/ros_ws/install/params_learning/share/params_learning/hook/cmake_prefix_path.sh'
[4.213s] Level 1:colcon.colcon_core.environment:checking '/home/ros_ws/install/params_learning/lib'
[4.213s] Level 1:colcon.colcon_core.environment:checking '/home/ros_ws/install/params_learning/bin'
[4.213s] Level 1:colcon.colcon_core.environment:checking '/home/ros_ws/install/params_learning/lib/pkgconfig/params_learning.pc'
[4.213s] Level 1:colcon.colcon_core.environment:checking '/home/ros_ws/install/params_learning/lib/python3.8/site-packages'
[4.214s] Level 1:colcon.colcon_core.environment:checking '/home/ros_ws/install/params_learning/bin'
[4.215s] INFO:colcon.colcon_core.shell:Creating package script '/home/ros_ws/install/params_learning/share/params_learning/package.ps1'
[4.216s] INFO:colcon.colcon_core.shell:Creating package descriptor '/home/ros_ws/install/params_learning/share/params_learning/package.dsv'
[4.216s] INFO:colcon.colcon_core.shell:Creating package script '/home/ros_ws/install/params_learning/share/params_learning/package.sh'
[4.217s] INFO:colcon.colcon_core.shell:Creating package script '/home/ros_ws/install/params_learning/share/params_learning/package.bash'
[4.217s] INFO:colcon.colcon_core.shell:Creating package script '/home/ros_ws/install/params_learning/share/params_learning/package.zsh'
[4.218s] Level 1:colcon.colcon_core.environment:create_file_with_runtime_dependencies(/home/ros_ws/install/params_learning/share/colcon-core/packages/params_learning)
[4.219s] DEBUG:colcon.colcon_parallel_executor.executor.parallel:closing loop
[4.219s] DEBUG:colcon.colcon_parallel_executor.executor.parallel:loop closed
[4.219s] DEBUG:colcon.colcon_parallel_executor.executor.parallel:run_until_complete finished with '0'
[4.220s] DEBUG:colcon.colcon_core.event_reactor:joining thread
[4.229s] INFO:colcon.colcon_core.plugin_system:Skipping extension 'colcon_notification.desktop_notification.notify_send': Could not find 'notify-send'
[4.229s] INFO:colcon.colcon_core.plugin_system:Skipping extension 'colcon_notification.desktop_notification.terminal_notifier': Not used on non-Darwin systems
[4.230s] INFO:colcon.colcon_core.plugin_system:Skipping extension 'colcon_notification.desktop_notification.win32': Not used on non-Windows systems
[4.230s] INFO:colcon.colcon_notification.desktop_notification:Sending desktop notification using 'notify2'
[4.232s] DEBUG:colcon.colcon_notification.desktop_notification.notify2:Failed to initialize notify2: org.freedesktop.DBus.Error.ServiceUnknown: The name org.freedesktop.Notifications was not provided by any .service files
[4.232s] DEBUG:colcon.colcon_core.event_reactor:joined thread
[4.234s] INFO:colcon.colcon_core.shell:Creating prefix script '/home/ros_ws/install/local_setup.ps1'
[4.235s] INFO:colcon.colcon_core.shell:Creating prefix util module '/home/ros_ws/install/_local_setup_util_ps1.py'
[4.239s] INFO:colcon.colcon_core.shell:Creating prefix chain script '/home/ros_ws/install/setup.ps1'
[4.241s] INFO:colcon.colcon_core.shell:Creating prefix script '/home/ros_ws/install/local_setup.sh'
[4.242s] INFO:colcon.colcon_core.shell:Creating prefix util module '/home/ros_ws/install/_local_setup_util_sh.py'
[4.242s] INFO:colcon.colcon_core.shell:Creating prefix chain script '/home/ros_ws/install/setup.sh'
[4.244s] INFO:colcon.colcon_core.shell:Creating prefix script '/home/ros_ws/install/local_setup.bash'
[4.245s] INFO:colcon.colcon_core.shell:Creating prefix chain script '/home/ros_ws/install/setup.bash'
[4.247s] INFO:colcon.colcon_core.shell:Creating prefix script '/home/ros_ws/install/local_setup.zsh'
[4.249s] INFO:colcon.colcon_core.shell:Creating prefix chain script '/home/ros_ws/install/setup.zsh'
