[0.025s] Invoking command in '/home/ros_ws/build/params_learning': CMAKE_PREFIX_PATH=${CMAKE_PREFIX_PATH}:/opt/ros/galactic /usr/bin/cmake --build /home/ros_ws/build/params_learning -- -j2 -l2
[0.077s] [100%] Built target pub
[0.118s] Invoked command in '/home/ros_ws/build/params_learning' returned '0': CMAKE_PREFIX_PATH=${CMAKE_PREFIX_PATH}:/opt/ros/galactic /usr/bin/cmake --build /home/ros_ws/build/params_learning -- -j2 -l2
[0.134s] Invoking command in '/home/ros_ws/build/params_learning': CMAKE_PREFIX_PATH=${CMAKE_PREFIX_PATH}:/opt/ros/galactic /usr/bin/cmake --install /home/ros_ws/build/params_learning
[0.145s] -- Install configuration: ""
[0.146s] -- Up-to-date: /home/ros_ws/install/params_learning/lib/params_learning/pub
[0.146s] -- Up-to-date: /home/ros_ws/install/params_learning/share/params_learning/launch
[0.147s] -- Up-to-date: /home/ros_ws/install/params_learning/share/params_learning/launch/node.launch.py
[0.147s] -- Up-to-date: /home/ros_ws/install/params_learning/share/params_learning/config
[0.148s] -- Up-to-date: /home/ros_ws/install/params_learning/share/params_learning/config/params.yaml
[0.148s] -- Up-to-date: /home/ros_ws/install/params_learning/share/ament_index/resource_index/package_run_dependencies/params_learning
[0.148s] -- Up-to-date: /home/ros_ws/install/params_learning/share/ament_index/resource_index/parent_prefix_path/params_learning
[0.149s] -- Up-to-date: /home/ros_ws/install/params_learning/share/params_learning/environment/ament_prefix_path.sh
[0.149s] -- Up-to-date: /home/ros_ws/install/params_learning/share/params_learning/environment/ament_prefix_path.dsv
[0.149s] -- Up-to-date: /home/ros_ws/install/params_learning/share/params_learning/environment/path.sh
[0.149s] -- Up-to-date: /home/ros_ws/install/params_learning/share/params_learning/environment/path.dsv
[0.149s] -- Up-to-date: /home/ros_ws/install/params_learning/share/params_learning/local_setup.bash
[0.149s] -- Up-to-date: /home/ros_ws/install/params_learning/share/params_learning/local_setup.sh
[0.149s] -- Up-to-date: /home/ros_ws/install/params_learning/share/params_learning/local_setup.zsh
[0.149s] -- Up-to-date: /home/ros_ws/install/params_learning/share/params_learning/local_setup.dsv
[0.149s] -- Installing: /home/ros_ws/install/params_learning/share/params_learning/package.dsv
[0.149s] -- Up-to-date: /home/ros_ws/install/params_learning/share/ament_index/resource_index/packages/params_learning
[0.149s] -- Up-to-date: /home/ros_ws/install/params_learning/share/params_learning/cmake/params_learningConfig.cmake
[0.149s] -- Up-to-date: /home/ros_ws/install/params_learning/share/params_learning/cmake/params_learningConfig-version.cmake
[0.149s] -- Up-to-date: /home/ros_ws/install/params_learning/share/params_learning/package.xml
[0.171s] Invoked command in '/home/ros_ws/build/params_learning' returned '0': CMAKE_PREFIX_PATH=${CMAKE_PREFIX_PATH}:/opt/ros/galactic /usr/bin/cmake --install /home/ros_ws/build/params_learning
