[0.019s] Invoking command in '/home/ros_ws/build/params_learning': CMAKE_PREFIX_PATH=/opt/ros/galactic /usr/bin/cmake --build /home/ros_ws/build/params_learning -- -j2 -l2
[0.110s] Invoked command in '/home/ros_ws/build/params_learning' returned '0': CMAKE_PREFIX_PATH=/opt/ros/galactic /usr/bin/cmake --build /home/ros_ws/build/params_learning -- -j2 -l2
[0.134s] Invoking command in '/home/ros_ws/build/params_learning': CMAKE_PREFIX_PATH=/opt/ros/galactic /usr/bin/cmake --install /home/ros_ws/build/params_learning
[0.142s] -- Install configuration: ""
[0.143s] -- Up-to-date: /home/ros_ws/install/params_learning/share/ament_index/resource_index/package_run_dependencies/params_learning
[0.144s] -- Up-to-date: /home/ros_ws/install/params_learning/share/ament_index/resource_index/parent_prefix_path/params_learning
[0.153s] -- Up-to-date: /home/ros_ws/install/params_learning/share/params_learning/environment/ament_prefix_path.sh
[0.154s] -- Up-to-date: /home/ros_ws/install/params_learning/share/params_learning/environment/ament_prefix_path.dsv
[0.154s] -- Up-to-date: /home/ros_ws/install/params_learning/share/params_learning/environment/path.sh
[0.155s] -- Up-to-date: /home/ros_ws/install/params_learning/share/params_learning/environment/path.dsv
[0.157s] -- Up-to-date: /home/ros_ws/install/params_learning/share/params_learning/local_setup.bash
[0.159s] -- Up-to-date: /home/ros_ws/install/params_learning/share/params_learning/local_setup.sh
[0.159s] -- Up-to-date: /home/ros_ws/install/params_learning/share/params_learning/local_setup.zsh
[0.161s] -- Up-to-date: /home/ros_ws/install/params_learning/share/params_learning/local_setup.dsv
[0.165s] -- Up-to-date: /home/ros_ws/install/params_learning/share/params_learning/package.dsv
[0.165s] -- Up-to-date: /home/ros_ws/install/params_learning/share/ament_index/resource_index/packages/params_learning
[0.165s] -- Up-to-date: /home/ros_ws/install/params_learning/share/params_learning/cmake/params_learningConfig.cmake
[0.166s] -- Up-to-date: /home/ros_ws/install/params_learning/share/params_learning/cmake/params_learningConfig-version.cmake
[0.166s] -- Up-to-date: /home/ros_ws/install/params_learning/share/params_learning/package.xml
[0.173s] Invoked command in '/home/ros_ws/build/params_learning' returned '0': CMAKE_PREFIX_PATH=/opt/ros/galactic /usr/bin/cmake --install /home/ros_ws/build/params_learning
