[0.022s] Invoking command in '/home/ros_ws/build/global_interface': CMAKE_PREFIX_PATH=/opt/ros/galactic /usr/bin/cmake /home/ros_ws/src/global_interface -DCMAKE_INSTALL_PREFIX=/home/ros_ws/install/global_interface
[0.137s] -- The C compiler identification is GNU 9.4.0
[0.190s] -- The CXX compiler identification is GNU 9.4.0
[0.198s] -- Check for working C compiler: /usr/bin/cc
[0.279s] -- Check for working C compiler: /usr/bin/cc -- works
[0.282s] -- Detecting C compiler ABI info
[0.363s] -- Detecting C compiler ABI info - done
[0.374s] -- Detecting C compile features
[0.375s] -- Detecting C compile features - done
[0.386s] -- Check for working CXX compiler: /usr/bin/c++
[0.508s] -- Check for working CXX compiler: /usr/bin/c++ -- works
[0.508s] -- Detecting CXX compiler ABI info
[0.582s] -- Detecting CXX compiler ABI info - done
[0.599s] -- Detecting CXX compile features
[0.599s] -- Detecting CXX compile features - done
[0.604s] -- Found ament_cmake: 1.1.6 (/opt/ros/galactic/share/ament_cmake/cmake)
[0.631s] -- Found PythonInterp: /usr/bin/python3 (found suitable version "3.8.10", minimum required is "3") 
[0.631s] -- Using PYTHON_EXECUTABLE: /usr/bin/python3
[0.729s] -- Found ament_lint_auto: 0.10.7 (/opt/ros/galactic/share/ament_lint_auto/cmake)
[0.801s] -- Added test 'copyright' to check source files copyright and LICENSE
[0.803s] -- Added test 'lint_cmake' to check CMake code style
[0.804s] -- Added test 'xmllint' to check XML markup files
[0.805s] -- Configuring done
[0.807s] -- Generating done
[0.808s] -- Build files have been written to: /home/ros_ws/build/global_interface
[0.811s] Invoked command in '/home/ros_ws/build/global_interface' returned '0': CMAKE_PREFIX_PATH=/opt/ros/galactic /usr/bin/cmake /home/ros_ws/src/global_interface -DCMAKE_INSTALL_PREFIX=/home/ros_ws/install/global_interface
[0.815s] Invoking command in '/home/ros_ws/build/global_interface': CMAKE_PREFIX_PATH=/opt/ros/galactic /usr/bin/cmake --build /home/ros_ws/build/global_interface -- -j2 -l2
[0.863s] Invoked command in '/home/ros_ws/build/global_interface' returned '0': CMAKE_PREFIX_PATH=/opt/ros/galactic /usr/bin/cmake --build /home/ros_ws/build/global_interface -- -j2 -l2
[0.898s] Invoking command in '/home/ros_ws/build/global_interface': CMAKE_PREFIX_PATH=/opt/ros/galactic /usr/bin/cmake --install /home/ros_ws/build/global_interface
[0.925s] -- Install configuration: ""
[0.925s] -- Installing: /home/ros_ws/install/global_interface/share/ament_index/resource_index/package_run_dependencies/global_interface
[0.925s] -- Installing: /home/ros_ws/install/global_interface/share/ament_index/resource_index/parent_prefix_path/global_interface
[0.925s] -- Installing: /home/ros_ws/install/global_interface/share/global_interface/environment/ament_prefix_path.sh
[0.925s] -- Installing: /home/ros_ws/install/global_interface/share/global_interface/environment/ament_prefix_path.dsv
[0.925s] -- Installing: /home/ros_ws/install/global_interface/share/global_interface/environment/path.sh
[0.925s] -- Installing: /home/ros_ws/install/global_interface/share/global_interface/environment/path.dsv
[0.925s] -- Installing: /home/ros_ws/install/global_interface/share/global_interface/local_setup.bash
[0.925s] -- Installing: /home/ros_ws/install/global_interface/share/global_interface/local_setup.sh
[0.925s] -- Installing: /home/ros_ws/install/global_interface/share/global_interface/local_setup.zsh
[0.925s] -- Installing: /home/ros_ws/install/global_interface/share/global_interface/local_setup.dsv
[0.925s] -- Installing: /home/ros_ws/install/global_interface/share/global_interface/package.dsv
[0.925s] -- Installing: /home/ros_ws/install/global_interface/share/ament_index/resource_index/packages/global_interface
[0.925s] -- Installing: /home/ros_ws/install/global_interface/share/global_interface/cmake/global_interfaceConfig.cmake
[0.925s] -- Installing: /home/ros_ws/install/global_interface/share/global_interface/cmake/global_interfaceConfig-version.cmake
[0.925s] -- Installing: /home/ros_ws/install/global_interface/share/global_interface/package.xml
[0.926s] Invoked command in '/home/ros_ws/build/global_interface' returned '0': CMAKE_PREFIX_PATH=/opt/ros/galactic /usr/bin/cmake --install /home/ros_ws/build/global_interface
