-- Found ament_cmake: 1.1.6 (/opt/ros/galactic/share/ament_cmake/cmake)
-- Using PYTHON_EXECUTABLE: /usr/bin/python3
-- Found rclcpp: 9.2.2 (/opt/ros/galactic/share/rclcpp/cmake)
-- Using all available rosidl_typesupport_c: rosidl_typesupport_fastrtps_c;rosidl_typesupport_introspection_c
-- Found rosidl_adapter: 2.2.3 (/opt/ros/galactic/share/rosidl_adapter/cmake)
-- Using all available rosidl_typesupport_cpp: rosidl_typesupport_fastrtps_cpp;rosidl_typesupport_introspection_cpp
-- Found rmw_implementation_cmake: 3.3.1 (/opt/ros/galactic/share/rmw_implementation_cmake/cmake)
-- Found rmw_cyclonedds_cpp: 0.22.6 (/opt/ros/galactic/share/rmw_cyclonedds_cpp/cmake)
-- Using RMW implementation 'rmw_cyclonedds_cpp' as default
-- Found rclcpp_components: 9.2.2 (/opt/ros/galactic/share/rclcpp_components/cmake)
-- Found rclpy: 1.9.3 (/opt/ros/galactic/share/rclpy/cmake)
-- Found rclcpp_lifecycle: 9.2.2 (/opt/ros/galactic/share/rclcpp_lifecycle/cmake)
-- Found sensor_msgs: 2.2.4 (/opt/ros/galactic/share/sensor_msgs/cmake)
-- Found rosidl_default_generators: 1.1.1 (/opt/ros/galactic/share/rosidl_default_generators/cmake)
-- Configuring done
-- Generating done
-- Build files have been written to: /home/ros_ws/build/params_learning
[35m[1mScanning dependencies of target pub[0m
[ 50%] [32mBuilding CXX object CMakeFiles/pub.dir/src/pub.cpp.o[0m
[100%] [32m[1mLinking CXX executable pub[0m
[100%] Built target pub
-- Install configuration: ""
-- Installing: /home/ros_ws/install/params_learning/lib/params_learning/pub
-- Set runtime path of "/home/ros_ws/install/params_learning/lib/params_learning/pub" to ""
-- Up-to-date: /home/ros_ws/install/params_learning/share/params_learning/launch
-- Up-to-date: /home/ros_ws/install/params_learning/share/params_learning/launch/node.launch.py
-- Up-to-date: /home/ros_ws/install/params_learning/share/params_learning/config
-- Up-to-date: /home/ros_ws/install/params_learning/share/params_learning/config/params.yaml
-- Up-to-date: /home/ros_ws/install/params_learning/share/ament_index/resource_index/package_run_dependencies/params_learning
-- Up-to-date: /home/ros_ws/install/params_learning/share/ament_index/resource_index/parent_prefix_path/params_learning
-- Up-to-date: /home/ros_ws/install/params_learning/share/params_learning/environment/ament_prefix_path.sh
-- Installing: /home/ros_ws/install/params_learning/share/params_learning/environment/ament_prefix_path.dsv
-- Up-to-date: /home/ros_ws/install/params_learning/share/params_learning/environment/path.sh
-- Installing: /home/ros_ws/install/params_learning/share/params_learning/environment/path.dsv
-- Up-to-date: /home/ros_ws/install/params_learning/share/params_learning/local_setup.bash
-- Up-to-date: /home/ros_ws/install/params_learning/share/params_learning/local_setup.sh
-- Up-to-date: /home/ros_ws/install/params_learning/share/params_learning/local_setup.zsh
-- Installing: /home/ros_ws/install/params_learning/share/params_learning/local_setup.dsv
-- Installing: /home/ros_ws/install/params_learning/share/params_learning/package.dsv
-- Up-to-date: /home/ros_ws/install/params_learning/share/ament_index/resource_index/packages/params_learning
-- Up-to-date: /home/ros_ws/install/params_learning/share/params_learning/cmake/params_learningConfig.cmake
-- Up-to-date: /home/ros_ws/install/params_learning/share/params_learning/cmake/params_learningConfig-version.cmake
-- Up-to-date: /home/ros_ws/install/params_learning/share/params_learning/package.xml
