[0.025s] Invoking command in '/home/ros_ws/build/global_interface': CMAKE_PREFIX_PATH=${CMAKE_PREFIX_PATH}:/opt/ros/galactic /usr/bin/cmake --build /home/ros_ws/build/global_interface -- -j2 -l2
[0.158s] Invoked command in '/home/ros_ws/build/global_interface' returned '0': CMAKE_PREFIX_PATH=${CMAKE_PREFIX_PATH}:/opt/ros/galactic /usr/bin/cmake --build /home/ros_ws/build/global_interface -- -j2 -l2
[0.195s] Invoking command in '/home/ros_ws/build/global_interface': CMAKE_PREFIX_PATH=${CMAKE_PREFIX_PATH}:/opt/ros/galactic /usr/bin/cmake --install /home/ros_ws/build/global_interface
[0.204s] -- Install configuration: ""
[0.204s] -- Up-to-date: /home/ros_ws/install/global_interface/share/ament_index/resource_index/package_run_dependencies/global_interface
[0.205s] -- Up-to-date: /home/ros_ws/install/global_interface/share/ament_index/resource_index/parent_prefix_path/global_interface
[0.206s] -- Up-to-date: /home/ros_ws/install/global_interface/share/global_interface/environment/ament_prefix_path.sh
[0.206s] -- Up-to-date: /home/ros_ws/install/global_interface/share/global_interface/environment/ament_prefix_path.dsv
[0.207s] -- Up-to-date: /home/ros_ws/install/global_interface/share/global_interface/environment/path.sh
[0.207s] -- Up-to-date: /home/ros_ws/install/global_interface/share/global_interface/environment/path.dsv
[0.207s] -- Up-to-date: /home/ros_ws/install/global_interface/share/global_interface/local_setup.bash
[0.208s] -- Up-to-date: /home/ros_ws/install/global_interface/share/global_interface/local_setup.sh
[0.208s] -- Up-to-date: /home/ros_ws/install/global_interface/share/global_interface/local_setup.zsh
[0.209s] -- Up-to-date: /home/ros_ws/install/global_interface/share/global_interface/local_setup.dsv
[0.209s] -- Installing: /home/ros_ws/install/global_interface/share/global_interface/package.dsv
[0.211s] -- Up-to-date: /home/ros_ws/install/global_interface/share/ament_index/resource_index/packages/global_interface
[0.211s] -- Up-to-date: /home/ros_ws/install/global_interface/share/global_interface/cmake/global_interfaceConfig.cmake
[0.212s] -- Up-to-date: /home/ros_ws/install/global_interface/share/global_interface/cmake/global_interfaceConfig-version.cmake
[0.212s] -- Up-to-date: /home/ros_ws/install/global_interface/share/global_interface/package.xml
[0.215s] Invoked command in '/home/ros_ws/build/global_interface' returned '0': CMAKE_PREFIX_PATH=${CMAKE_PREFIX_PATH}:/opt/ros/galactic /usr/bin/cmake --install /home/ros_ws/build/global_interface
