[0.019s] Invoking command in '/home/ros_ws/build/params_learning': CMAKE_PREFIX_PATH=${CMAKE_PREFIX_PATH}:/opt/ros/galactic /usr/bin/cmake --build /home/ros_ws/build/params_learning -- -j2 -l2
[0.070s] [35m[1mScanning dependencies of target node[0m
[0.148s] [ 50%] [32mBuilding CXX object CMakeFiles/node.dir/src/node.cpp.o[0m
[2.600s] [100%] [32m[1mLinking CXX executable node[0m
[2.839s] [100%] Built target node
[2.862s] Invoked command in '/home/ros_ws/build/params_learning' returned '0': CMAKE_PREFIX_PATH=${CMAKE_PREFIX_PATH}:/opt/ros/galactic /usr/bin/cmake --build /home/ros_ws/build/params_learning -- -j2 -l2
[2.888s] Invoking command in '/home/ros_ws/build/params_learning': CMAKE_PREFIX_PATH=${CMAKE_PREFIX_PATH}:/opt/ros/galactic /usr/bin/cmake --install /home/ros_ws/build/params_learning
[2.897s] -- Install configuration: ""
[2.898s] -- Installing: /home/ros_ws/install/params_learning/lib/params_learning/node
[2.902s] -- Set runtime path of "/home/ros_ws/install/params_learning/lib/params_learning/node" to ""
[2.904s] -- Installing: /home/ros_ws/install/params_learning/share/params_learning/launch
[2.905s] -- Installing: /home/ros_ws/install/params_learning/share/params_learning/launch/node.launch.py
[2.906s] -- Installing: /home/ros_ws/install/params_learning/share/params_learning/config
[2.907s] -- Installing: /home/ros_ws/install/params_learning/share/params_learning/config/params.yaml
[2.909s] -- Up-to-date: /home/ros_ws/install/params_learning/share/ament_index/resource_index/package_run_dependencies/params_learning
[2.909s] -- Up-to-date: /home/ros_ws/install/params_learning/share/ament_index/resource_index/parent_prefix_path/params_learning
[2.912s] -- Up-to-date: /home/ros_ws/install/params_learning/share/params_learning/environment/ament_prefix_path.sh
[2.912s] -- Installing: /home/ros_ws/install/params_learning/share/params_learning/environment/ament_prefix_path.dsv
[2.913s] -- Up-to-date: /home/ros_ws/install/params_learning/share/params_learning/environment/path.sh
[2.913s] -- Installing: /home/ros_ws/install/params_learning/share/params_learning/environment/path.dsv
[2.913s] -- Up-to-date: /home/ros_ws/install/params_learning/share/params_learning/local_setup.bash
[2.914s] -- Up-to-date: /home/ros_ws/install/params_learning/share/params_learning/local_setup.sh
[2.914s] -- Up-to-date: /home/ros_ws/install/params_learning/share/params_learning/local_setup.zsh
[2.914s] -- Installing: /home/ros_ws/install/params_learning/share/params_learning/local_setup.dsv
[2.915s] -- Installing: /home/ros_ws/install/params_learning/share/params_learning/package.dsv
[2.916s] -- Up-to-date: /home/ros_ws/install/params_learning/share/ament_index/resource_index/packages/params_learning
[2.917s] -- Up-to-date: /home/ros_ws/install/params_learning/share/params_learning/cmake/params_learningConfig.cmake
[2.917s] -- Up-to-date: /home/ros_ws/install/params_learning/share/params_learning/cmake/params_learningConfig-version.cmake
[2.917s] -- Up-to-date: /home/ros_ws/install/params_learning/share/params_learning/package.xml
[2.922s] Invoked command in '/home/ros_ws/build/params_learning' returned '0': CMAKE_PREFIX_PATH=${CMAKE_PREFIX_PATH}:/opt/ros/galactic /usr/bin/cmake --install /home/ros_ws/build/params_learning
