[0.019s] Invoking command in '/home/ros_ws/build/params_learning': CMAKE_PREFIX_PATH=${CMAKE_PREFIX_PATH}:/opt/ros/galactic /usr/bin/cmake --build /home/ros_ws/build/params_learning -- -j2 -l2
[0.040s] -- Found ament_cmake: 1.1.6 (/opt/ros/galactic/share/ament_cmake/cmake)
[0.057s] -- Using PYTHON_EXECUTABLE: /usr/bin/python3
[0.129s] -- Found ament_lint_auto: 0.10.7 (/opt/ros/galactic/share/ament_lint_auto/cmake)
[0.191s] -- Added test 'copyright' to check source files copyright and LICENSE
[0.192s] -- Added test 'cppcheck' to perform static code analysis on C / C++ code
[0.193s] -- Configured cppcheck include dirs: 
[0.194s] -- Configured cppcheck exclude dirs and/or files: 
[0.195s] -- Added test 'cpplint' to check C / C++ code against the Google style
[0.196s] -- Configured cpplint exclude dirs and/or files: 
[0.197s] -- Added test 'lint_cmake' to check CMake code style
[0.198s] -- Added test 'uncrustify' to check C / C++ code style
[0.199s] -- Configured uncrustify additional arguments: 
[0.200s] -- Added test 'xmllint' to check XML markup files
[0.203s] -- Configuring done
[0.210s] -- Generating done
[0.214s] -- Build files have been written to: /home/ros_ws/build/params_learning
[0.234s] Invoked command in '/home/ros_ws/build/params_learning' returned '0': CMAKE_PREFIX_PATH=${CMAKE_PREFIX_PATH}:/opt/ros/galactic /usr/bin/cmake --build /home/ros_ws/build/params_learning -- -j2 -l2
[0.250s] Invoking command in '/home/ros_ws/build/params_learning': CMAKE_PREFIX_PATH=${CMAKE_PREFIX_PATH}:/opt/ros/galactic /usr/bin/cmake --install /home/ros_ws/build/params_learning
[0.261s] -- Install configuration: ""
[0.262s] -- Installing: /home/ros_ws/install/params_learning/share/ament_index/resource_index/package_run_dependencies/params_learning
[0.262s] -- Installing: /home/ros_ws/install/params_learning/share/ament_index/resource_index/parent_prefix_path/params_learning
[0.262s] -- Up-to-date: /home/ros_ws/install/params_learning/share/params_learning/environment/ament_prefix_path.sh
[0.262s] -- Installing: /home/ros_ws/install/params_learning/share/params_learning/environment/ament_prefix_path.dsv
[0.262s] -- Up-to-date: /home/ros_ws/install/params_learning/share/params_learning/environment/path.sh
[0.262s] -- Installing: /home/ros_ws/install/params_learning/share/params_learning/environment/path.dsv
[0.262s] -- Up-to-date: /home/ros_ws/install/params_learning/share/params_learning/local_setup.bash
[0.262s] -- Up-to-date: /home/ros_ws/install/params_learning/share/params_learning/local_setup.sh
[0.263s] -- Up-to-date: /home/ros_ws/install/params_learning/share/params_learning/local_setup.zsh
[0.263s] -- Installing: /home/ros_ws/install/params_learning/share/params_learning/local_setup.dsv
[0.263s] -- Installing: /home/ros_ws/install/params_learning/share/params_learning/package.dsv
[0.263s] -- Up-to-date: /home/ros_ws/install/params_learning/share/ament_index/resource_index/packages/params_learning
[0.263s] -- Up-to-date: /home/ros_ws/install/params_learning/share/params_learning/cmake/params_learningConfig.cmake
[0.263s] -- Up-to-date: /home/ros_ws/install/params_learning/share/params_learning/cmake/params_learningConfig-version.cmake
[0.263s] -- Installing: /home/ros_ws/install/params_learning/share/params_learning/package.xml
[0.271s] Invoked command in '/home/ros_ws/build/params_learning' returned '0': CMAKE_PREFIX_PATH=${CMAKE_PREFIX_PATH}:/opt/ros/galactic /usr/bin/cmake --install /home/ros_ws/build/params_learning
