[0.031s] Invoking command in '/home/ros_ws/build/params_learning': CMAKE_PREFIX_PATH=/opt/ros/galactic /usr/bin/cmake --build /home/ros_ws/build/params_learning -- -j2 -l2
[0.080s] [35m[1mScanning dependencies of target pub[0m
[0.130s] [ 50%] [32mBuilding CXX object CMakeFiles/pub.dir/src/pub.cpp.o[0m
[2.303s] In file included from [01m[K/usr/include/x86_64-linux-gnu/c++/9/bits/c++allocator.h:33[m[K,
[2.303s]                  from [01m[K/usr/include/c++/9/bits/allocator.h:46[m[K,
[2.304s]                  from [01m[K/usr/include/c++/9/string:41[m[K,
[2.304s]                  from [01m[K/usr/include/c++/9/bits/locale_classes.h:40[m[K,
[2.305s]                  from [01m[K/usr/include/c++/9/bits/ios_base.h:41[m[K,
[2.305s]                  from [01m[K/usr/include/c++/9/ios:42[m[K,
[2.306s]                  from [01m[K/usr/include/c++/9/ostream:38[m[K,
[2.306s]                  from [01m[K/usr/include/c++/9/iostream:39[m[K,
[2.307s]                  from [01m[K/home/ros_ws/src/params_learning/src/pub.cpp:1[m[K:
[2.310s] /usr/include/c++/9/ext/new_allocator.h: In instantiation of ‘[01m[Kvoid __gnu_cxx::new_allocator<_Tp>::construct(_Up*, _Args&& ...) [with _Up = CustomPublisher; _Args = {}; _Tp = CustomPublisher][m[K’:
[2.311s] [01m[K/usr/include/c++/9/bits/alloc_traits.h:483:4:[m[K   required from ‘[01m[Kstatic void std::allocator_traits<std::allocator<_CharT> >::construct(std::allocator_traits<std::allocator<_CharT> >::allocator_type&, _Up*, _Args&& ...) [with _Up = CustomPublisher; _Args = {}; _Tp = CustomPublisher; std::allocator_traits<std::allocator<_CharT> >::allocator_type = std::allocator<CustomPublisher>][m[K’
[2.311s] [01m[K/usr/include/c++/9/bits/shared_ptr_base.h:548:39:[m[K   required from ‘[01m[Kstd::_Sp_counted_ptr_inplace<_Tp, _Alloc, _Lp>::_Sp_counted_ptr_inplace(_Alloc, _Args&& ...) [with _Args = {}; _Tp = CustomPublisher; _Alloc = std::allocator<CustomPublisher>; __gnu_cxx::_Lock_policy _Lp = __gnu_cxx::_S_atomic][m[K’
[2.311s] [01m[K/usr/include/c++/9/bits/shared_ptr_base.h:679:16:[m[K   required from ‘[01m[Kstd::__shared_count<_Lp>::__shared_count(_Tp*&, std::_Sp_alloc_shared_tag<_Alloc>, _Args&& ...) [with _Tp = CustomPublisher; _Alloc = std::allocator<CustomPublisher>; _Args = {}; __gnu_cxx::_Lock_policy _Lp = __gnu_cxx::_S_atomic][m[K’
[2.311s] [01m[K/usr/include/c++/9/bits/shared_ptr_base.h:1344:71:[m[K   required from ‘[01m[Kstd::__shared_ptr<_Tp, _Lp>::__shared_ptr(std::_Sp_alloc_shared_tag<_Tp>, _Args&& ...) [with _Alloc = std::allocator<CustomPublisher>; _Args = {}; _Tp = CustomPublisher; __gnu_cxx::_Lock_policy _Lp = __gnu_cxx::_S_atomic][m[K’
[2.311s] [01m[K/usr/include/c++/9/bits/shared_ptr.h:359:59:[m[K   required from ‘[01m[Kstd::shared_ptr<_Tp>::shared_ptr(std::_Sp_alloc_shared_tag<_Tp>, _Args&& ...) [with _Alloc = std::allocator<CustomPublisher>; _Args = {}; _Tp = CustomPublisher][m[K’
[2.311s] [01m[K/usr/include/c++/9/bits/shared_ptr.h:701:14:[m[K   required from ‘[01m[Kstd::shared_ptr<_Tp> std::allocate_shared(const _Alloc&, _Args&& ...) [with _Tp = CustomPublisher; _Alloc = std::allocator<CustomPublisher>; _Args = {}][m[K’
[2.311s] [01m[K/usr/include/c++/9/bits/shared_ptr.h:717:39:[m[K   required from ‘[01m[Kstd::shared_ptr<_Tp> std::make_shared(_Args&& ...) [with _Tp = CustomPublisher; _Args = {}][m[K’
[2.311s] [01m[K/home/ros_ws/src/params_learning/src/pub.cpp:40:49:[m[K   required from here
[2.311s] [01m[K/usr/include/c++/9/ext/new_allocator.h:146:4:[m[K [01;31m[Kerror: [m[Kuse of deleted function ‘[01m[KCustomPublisher::CustomPublisher()[m[K’
[2.311s]   146 |  { [01;31m[K::new((void *)__p) _Up(std::forward<_Args>(__args)...)[m[K; }
[2.311s]       |    [01;31m[K^~~~~~~~~~~~~~~~~~~~~~~~~~~~~~~~~~~~~~~~~~~~~~~~~~~~~~[m[K
[2.311s] [01m[K/home/ros_ws/src/params_learning/src/pub.cpp:9:7:[m[K [01;36m[Knote: [m[K‘[01m[KCustomPublisher::CustomPublisher()[m[K’ is implicitly deleted because the default definition would be ill-formed:
[2.311s]     9 | class [01;36m[KCustomPublisher[m[K: public rclcpp::Node
[2.311s]       |       [01;36m[K^~~~~~~~~~~~~~~[m[K
[2.311s] [01m[K/home/ros_ws/src/params_learning/src/pub.cpp:9:7:[m[K [01;31m[Kerror: [m[Kno matching function for call to ‘[01m[Krclcpp::Node::Node()[m[K’
[2.312s] In file included from [01m[K/opt/ros/galactic/include/rclcpp/executors/single_threaded_executor.hpp:28[m[K,
[2.312s]                  from [01m[K/opt/ros/galactic/include/rclcpp/executors.hpp:22[m[K,
[2.312s]                  from [01m[K/opt/ros/galactic/include/rclcpp/rclcpp.hpp:156[m[K,
[2.312s]                  from [01m[K/home/ros_ws/src/params_learning/src/pub.cpp:2[m[K:
[2.312s] [01m[K/opt/ros/galactic/include/rclcpp/node.hpp:1302:3:[m[K [01;36m[Knote: [m[Kcandidate: ‘[01m[Krclcpp::Node::Node(const rclcpp::Node&, const string&)[m[K’
[2.312s]  1302 |   [01;36m[KNode[m[K(
[2.312s]       |   [01;36m[K^~~~[m[K
[2.312s] [01m[K/opt/ros/galactic/include/rclcpp/node.hpp:1302:3:[m[K [01;36m[Knote: [m[K  candidate expects 2 arguments, 0 provided
[2.312s] [01m[K/opt/ros/galactic/include/rclcpp/node.hpp:101:12:[m[K [01;36m[Knote: [m[Kcandidate: ‘[01m[Krclcpp::Node::Node(const string&, const string&, const rclcpp::NodeOptions&)[m[K’
[2.312s]   101 |   explicit [01;36m[KNode[m[K(
[2.312s]       |            [01;36m[K^~~~[m[K
[2.312s] [01m[K/opt/ros/galactic/include/rclcpp/node.hpp:101:12:[m[K [01;36m[Knote: [m[K  candidate expects 3 arguments, 0 provided
[2.312s] [01m[K/opt/ros/galactic/include/rclcpp/node.hpp:89:12:[m[K [01;36m[Knote: [m[Kcandidate: ‘[01m[Krclcpp::Node::Node(const string&, const rclcpp::NodeOptions&)[m[K’
[2.312s]    89 |   explicit [01;36m[KNode[m[K(
[2.312s]       |            [01;36m[K^~~~[m[K
[2.312s] [01m[K/opt/ros/galactic/include/rclcpp/node.hpp:89:12:[m[K [01;36m[Knote: [m[K  candidate expects 2 arguments, 0 provided
[2.368s] make[2]: *** [CMakeFiles/pub.dir/build.make:63: CMakeFiles/pub.dir/src/pub.cpp.o] Error 1
[2.368s] make[1]: *** [CMakeFiles/Makefile2:78: CMakeFiles/pub.dir/all] Error 2
[2.369s] make: *** [Makefile:141: all] Error 2
[2.371s] Invoked command in '/home/ros_ws/build/params_learning' returned '2': CMAKE_PREFIX_PATH=/opt/ros/galactic /usr/bin/cmake --build /home/ros_ws/build/params_learning -- -j2 -l2
