[14.712s] DEBUG:colcon:Command line arguments: ['/usr/bin/colcon', 'build']
[14.712s] DEBUG:colcon:Parsed command line arguments: Namespace(allow_overriding=[], ament_cmake_args=None, base_paths=['.'], build_base='build', catkin_cmake_args=None, catkin_skip_building_tests=False, cmake_args=None, cmake_clean_cache=False, cmake_clean_first=False, cmake_force_configure=False, cmake_target=None, cmake_target_skip_unavailable=False, continue_on_error=False, event_handlers=None, executor='parallel', ignore_user_meta=False, install_base='install', log_base=None, log_level=None, main=<bound method BuildVerb.main of <colcon_core.verb.build.BuildVerb object at 0x7fc8e6eb73d0>>, merge_install=False, metas=['./colcon.meta'], packages_above=None, packages_above_and_dependencies=None, packages_above_depth=None, packages_end=None, packages_ignore=None, packages_ignore_regex=None, packages_select=None, packages_select_build_failed=False, packages_select_by_dep=None, packages_select_regex=None, packages_select_test_failures=False, packages_skip=None, packages_skip_build_finished=False, packages_skip_by_dep=None, packages_skip_regex=None, packages_skip_test_passed=False, packages_skip_up_to=None, packages_start=None, packages_up_to=None, packages_up_to_regex=None, parallel_workers=2, paths=None, symlink_install=False, test_result_base=None, verb_extension=<colcon_core.verb.build.BuildVerb object at 0x7fc8e6eb73d0>, verb_name='build', verb_parser=<colcon_defaults.argument_parser.defaults.DefaultArgumentsDecorator object at 0x7fc8e6eb7880>)
[14.797s] Level 1:colcon.colcon_core.package_discovery:discover_packages(colcon_meta) check parameters
[14.797s] Level 1:colcon.colcon_core.package_discovery:discover_packages(recursive) check parameters
[14.797s] Level 1:colcon.colcon_core.package_discovery:discover_packages(ignore) check parameters
[14.797s] Level 1:colcon.colcon_core.package_discovery:discover_packages(path) check parameters
[14.797s] Level 1:colcon.colcon_core.package_discovery:discover_packages(colcon_meta) discover
[14.797s] Level 1:colcon.colcon_core.package_discovery:discover_packages(recursive) discover
[14.797s] INFO:colcon.colcon_core.package_discovery:Crawling recursively for packages in '/home/ros_ws'
[14.797s] Level 1:colcon.colcon_core.package_identification:_identify(.) by extensions ['ignore', 'ignore_ament_install']
[14.797s] Level 1:colcon.colcon_core.package_identification:_identify(.) by extension 'ignore'
[14.798s] Level 1:colcon.colcon_core.package_identification:_identify(.) by extension 'ignore_ament_install'
[14.798s] Level 1:colcon.colcon_core.package_identification:_identify(.) by extensions ['colcon_pkg']
[14.798s] Level 1:colcon.colcon_core.package_identification:_identify(.) by extension 'colcon_pkg'
[14.798s] Level 1:colcon.colcon_core.package_identification:_identify(.) by extensions ['colcon_meta']
[14.798s] Level 1:colcon.colcon_core.package_identification:_identify(.) by extension 'colcon_meta'
[14.798s] Level 1:colcon.colcon_core.package_identification:_identify(.) by extensions ['ros']
[14.798s] Level 1:colcon.colcon_core.package_identification:_identify(.) by extension 'ros'
[14.823s] Level 1:colcon.colcon_core.package_identification:_identify(.) by extensions ['cmake', 'python']
[14.823s] Level 1:colcon.colcon_core.package_identification:_identify(.) by extension 'cmake'
[14.824s] Level 1:colcon.colcon_core.package_identification:_identify(.) by extension 'python'
[14.824s] Level 1:colcon.colcon_core.package_identification:_identify(.) by extensions ['python_setup_py']
[14.824s] Level 1:colcon.colcon_core.package_identification:_identify(.) by extension 'python_setup_py'
[14.825s] Level 1:colcon.colcon_core.package_identification:_identify(build) by extensions ['ignore', 'ignore_ament_install']
[14.825s] Level 1:colcon.colcon_core.package_identification:_identify(build) by extension 'ignore'
[14.826s] Level 1:colcon.colcon_core.package_identification:_identify(build) ignored
[14.826s] Level 1:colcon.colcon_core.package_identification:_identify(install) by extensions ['ignore', 'ignore_ament_install']
[14.826s] Level 1:colcon.colcon_core.package_identification:_identify(install) by extension 'ignore'
[14.826s] Level 1:colcon.colcon_core.package_identification:_identify(install) ignored
[14.827s] Level 1:colcon.colcon_core.package_identification:_identify(log) by extensions ['ignore', 'ignore_ament_install']
[14.827s] Level 1:colcon.colcon_core.package_identification:_identify(log) by extension 'ignore'
[14.827s] Level 1:colcon.colcon_core.package_identification:_identify(log) ignored
[14.827s] Level 1:colcon.colcon_core.package_identification:_identify(src) by extensions ['ignore', 'ignore_ament_install']
[14.827s] Level 1:colcon.colcon_core.package_identification:_identify(src) by extension 'ignore'
[14.827s] Level 1:colcon.colcon_core.package_identification:_identify(src) by extension 'ignore_ament_install'
[14.827s] Level 1:colcon.colcon_core.package_identification:_identify(src) by extensions ['colcon_pkg']
[14.828s] Level 1:colcon.colcon_core.package_identification:_identify(src) by extension 'colcon_pkg'
[14.828s] Level 1:colcon.colcon_core.package_identification:_identify(src) by extensions ['colcon_meta']
[14.828s] Level 1:colcon.colcon_core.package_identification:_identify(src) by extension 'colcon_meta'
[14.828s] Level 1:colcon.colcon_core.package_identification:_identify(src) by extensions ['ros']
[14.828s] Level 1:colcon.colcon_core.package_identification:_identify(src) by extension 'ros'
[14.828s] Level 1:colcon.colcon_core.package_identification:_identify(src) by extensions ['cmake', 'python']
[14.828s] Level 1:colcon.colcon_core.package_identification:_identify(src) by extension 'cmake'
[14.829s] Level 1:colcon.colcon_core.package_identification:_identify(src) by extension 'python'
[14.829s] Level 1:colcon.colcon_core.package_identification:_identify(src) by extensions ['python_setup_py']
[14.829s] Level 1:colcon.colcon_core.package_identification:_identify(src) by extension 'python_setup_py'
[14.830s] Level 1:colcon.colcon_core.package_identification:_identify(src/global_interface) by extensions ['ignore', 'ignore_ament_install']
[14.831s] Level 1:colcon.colcon_core.package_identification:_identify(src/global_interface) by extension 'ignore'
[14.831s] Level 1:colcon.colcon_core.package_identification:_identify(src/global_interface) by extension 'ignore_ament_install'
[14.831s] Level 1:colcon.colcon_core.package_identification:_identify(src/global_interface) by extensions ['colcon_pkg']
[14.831s] Level 1:colcon.colcon_core.package_identification:_identify(src/global_interface) by extension 'colcon_pkg'
[14.831s] Level 1:colcon.colcon_core.package_identification:_identify(src/global_interface) by extensions ['colcon_meta']
[14.831s] Level 1:colcon.colcon_core.package_identification:_identify(src/global_interface) by extension 'colcon_meta'
[14.831s] Level 1:colcon.colcon_core.package_identification:_identify(src/global_interface) by extensions ['ros']
[14.831s] Level 1:colcon.colcon_core.package_identification:_identify(src/global_interface) by extension 'ros'
[14.838s] DEBUG:colcon.colcon_core.package_identification:Package 'src/global_interface' with type 'ros.ament_cmake' and name 'global_interface'
[14.838s] Level 1:colcon.colcon_core.package_identification:_identify(src/params_learning) by extensions ['ignore', 'ignore_ament_install']
[14.838s] Level 1:colcon.colcon_core.package_identification:_identify(src/params_learning) by extension 'ignore'
[14.838s] Level 1:colcon.colcon_core.package_identification:_identify(src/params_learning) by extension 'ignore_ament_install'
[14.838s] Level 1:colcon.colcon_core.package_identification:_identify(src/params_learning) by extensions ['colcon_pkg']
[14.838s] Level 1:colcon.colcon_core.package_identification:_identify(src/params_learning) by extension 'colcon_pkg'
[14.838s] Level 1:colcon.colcon_core.package_identification:_identify(src/params_learning) by extensions ['colcon_meta']
[14.838s] Level 1:colcon.colcon_core.package_identification:_identify(src/params_learning) by extension 'colcon_meta'
[14.838s] Level 1:colcon.colcon_core.package_identification:_identify(src/params_learning) by extensions ['ros']
[14.838s] Level 1:colcon.colcon_core.package_identification:_identify(src/params_learning) by extension 'ros'
[14.840s] DEBUG:colcon.colcon_core.package_identification:Package 'src/params_learning' with type 'ros.ament_cmake' and name 'params_learning'
[14.840s] Level 1:colcon.colcon_core.package_discovery:discover_packages(recursive) using defaults
[14.840s] Level 1:colcon.colcon_core.package_discovery:discover_packages(ignore) discover
[14.840s] Level 1:colcon.colcon_core.package_discovery:discover_packages(ignore) using defaults
[14.840s] Level 1:colcon.colcon_core.package_discovery:discover_packages(path) discover
[14.840s] Level 1:colcon.colcon_core.package_discovery:discover_packages(path) using defaults
[14.890s] Level 1:colcon.colcon_core.package_discovery:discover_packages(prefix_path) check parameters
[14.891s] Level 1:colcon.colcon_core.package_discovery:discover_packages(prefix_path) discover
[14.896s] DEBUG:colcon.colcon_installed_package_information.package_discovery:Found 268 installed packages in /opt/ros/galactic
[14.898s] Level 1:colcon.colcon_core.package_discovery:discover_packages(prefix_path) using defaults
[15.036s] Level 5:colcon.colcon_core.verb:set package 'global_interface' build argument 'cmake_args' from command line to 'None'
[15.037s] Level 5:colcon.colcon_core.verb:set package 'global_interface' build argument 'cmake_target' from command line to 'None'
[15.037s] Level 5:colcon.colcon_core.verb:set package 'global_interface' build argument 'cmake_target_skip_unavailable' from command line to 'False'
[15.037s] Level 5:colcon.colcon_core.verb:set package 'global_interface' build argument 'cmake_clean_cache' from command line to 'False'
[15.037s] Level 5:colcon.colcon_core.verb:set package 'global_interface' build argument 'cmake_clean_first' from command line to 'False'
[15.037s] Level 5:colcon.colcon_core.verb:set package 'global_interface' build argument 'cmake_force_configure' from command line to 'False'
[15.037s] Level 5:colcon.colcon_core.verb:set package 'global_interface' build argument 'ament_cmake_args' from command line to 'None'
[15.037s] Level 5:colcon.colcon_core.verb:set package 'global_interface' build argument 'catkin_cmake_args' from command line to 'None'
[15.037s] Level 5:colcon.colcon_core.verb:set package 'global_interface' build argument 'catkin_skip_building_tests' from command line to 'False'
[15.038s] DEBUG:colcon.colcon_core.verb:Building package 'global_interface' with the following arguments: {'ament_cmake_args': None, 'build_base': '/home/ros_ws/build/global_interface', 'catkin_cmake_args': None, 'catkin_skip_building_tests': False, 'cmake_args': None, 'cmake_clean_cache': False, 'cmake_clean_first': False, 'cmake_force_configure': False, 'cmake_target': None, 'cmake_target_skip_unavailable': False, 'install_base': '/home/ros_ws/install/global_interface', 'merge_install': False, 'path': '/home/ros_ws/src/global_interface', 'symlink_install': False, 'test_result_base': None}
[15.039s] Level 5:colcon.colcon_core.verb:set package 'params_learning' build argument 'cmake_args' from command line to 'None'
[15.039s] Level 5:colcon.colcon_core.verb:set package 'params_learning' build argument 'cmake_target' from command line to 'None'
[15.039s] Level 5:colcon.colcon_core.verb:set package 'params_learning' build argument 'cmake_target_skip_unavailable' from command line to 'False'
[15.040s] Level 5:colcon.colcon_core.verb:set package 'params_learning' build argument 'cmake_clean_cache' from command line to 'False'
[15.040s] Level 5:colcon.colcon_core.verb:set package 'params_learning' build argument 'cmake_clean_first' from command line to 'False'
[15.040s] Level 5:colcon.colcon_core.verb:set package 'params_learning' build argument 'cmake_force_configure' from command line to 'False'
[15.040s] Level 5:colcon.colcon_core.verb:set package 'params_learning' build argument 'ament_cmake_args' from command line to 'None'
[15.040s] Level 5:colcon.colcon_core.verb:set package 'params_learning' build argument 'catkin_cmake_args' from command line to 'None'
[15.040s] Level 5:colcon.colcon_core.verb:set package 'params_learning' build argument 'catkin_skip_building_tests' from command line to 'False'
[15.041s] DEBUG:colcon.colcon_core.verb:Building package 'params_learning' with the following arguments: {'ament_cmake_args': None, 'build_base': '/home/ros_ws/build/params_learning', 'catkin_cmake_args': None, 'catkin_skip_building_tests': False, 'cmake_args': None, 'cmake_clean_cache': False, 'cmake_clean_first': False, 'cmake_force_configure': False, 'cmake_target': None, 'cmake_target_skip_unavailable': False, 'install_base': '/home/ros_ws/install/params_learning', 'merge_install': False, 'path': '/home/ros_ws/src/params_learning', 'symlink_install': False, 'test_result_base': None}
[15.042s] INFO:colcon.colcon_core.executor:Executing jobs using 'parallel' executor
[15.046s] DEBUG:colcon.colcon_parallel_executor.executor.parallel:run_until_complete
[15.046s] INFO:colcon.colcon_ros.task.ament_cmake.build:Building ROS package in '/home/ros_ws/src/global_interface' with build type 'ament_cmake'
[15.047s] INFO:colcon.colcon_cmake.task.cmake.build:Building CMake package in '/home/ros_ws/src/global_interface'
[15.054s] INFO:colcon.colcon_core.plugin_system:Skipping extension 'colcon_core.shell.bat': Not used on non-Windows systems
[15.054s] INFO:colcon.colcon_core.shell:Skip shell extension 'powershell' for command environment: Not usable outside of PowerShell
[15.054s] DEBUG:colcon.colcon_core.shell:Skip shell extension 'dsv' for command environment
[15.061s] INFO:colcon.colcon_ros.task.ament_cmake.build:Building ROS package in '/home/ros_ws/src/params_learning' with build type 'ament_cmake'
[15.062s] INFO:colcon.colcon_cmake.task.cmake.build:Building CMake package in '/home/ros_ws/src/params_learning'
[15.063s] INFO:colcon.colcon_core.shell:Skip shell extension 'powershell' for command environment: Not usable outside of PowerShell
[15.064s] DEBUG:colcon.colcon_core.shell:Skip shell extension 'dsv' for command environment
[15.076s] DEBUG:colcon.colcon_core.event_handler.log_command:Invoking command in '/home/ros_ws/build/global_interface': CMAKE_PREFIX_PATH=/opt/ros/galactic /usr/bin/cmake --build /home/ros_ws/build/global_interface -- -j2 -l2
[15.087s] DEBUG:colcon.colcon_core.event_handler.log_command:Invoking command in '/home/ros_ws/build/params_learning': CMAKE_PREFIX_PATH=/opt/ros/galactic /usr/bin/cmake --build /home/ros_ws/build/params_learning -- -j2 -l2
[15.199s] DEBUG:colcon.colcon_core.event_handler.log_command:Invoked command in '/home/ros_ws/build/global_interface' returned '0': CMAKE_PREFIX_PATH=/opt/ros/galactic /usr/bin/cmake --build /home/ros_ws/build/global_interface -- -j2 -l2
[15.251s] DEBUG:colcon.colcon_core.event_handler.log_command:Invoking command in '/home/ros_ws/build/global_interface': CMAKE_PREFIX_PATH=/opt/ros/galactic /usr/bin/cmake --install /home/ros_ws/build/global_interface
[15.294s] Level 1:colcon.colcon_core.environment:create_environment_scripts_only(global_interface)
[15.295s] DEBUG:colcon.colcon_core.event_handler.log_command:Invoked command in '/home/ros_ws/build/global_interface' returned '0': CMAKE_PREFIX_PATH=/opt/ros/galactic /usr/bin/cmake --install /home/ros_ws/build/global_interface
[15.312s] Level 1:colcon.colcon_core.environment:checking '/home/ros_ws/install/global_interface' for CMake module files
[15.313s] Level 1:colcon.colcon_core.environment:checking '/home/ros_ws/install/global_interface' for CMake config files
[15.316s] Level 1:colcon.colcon_core.shell:create_environment_hook('global_interface', 'cmake_prefix_path')
[15.317s] INFO:colcon.colcon_core.shell:Creating environment hook '/home/ros_ws/install/global_interface/share/global_interface/hook/cmake_prefix_path.ps1'
[15.321s] INFO:colcon.colcon_core.shell:Creating environment descriptor '/home/ros_ws/install/global_interface/share/global_interface/hook/cmake_prefix_path.dsv'
[15.321s] INFO:colcon.colcon_core.shell:Creating environment hook '/home/ros_ws/install/global_interface/share/global_interface/hook/cmake_prefix_path.sh'
[15.322s] Level 1:colcon.colcon_core.environment:checking '/home/ros_ws/install/global_interface/bin'
[15.322s] Level 1:colcon.colcon_core.environment:checking '/home/ros_ws/install/global_interface/lib/pkgconfig/global_interface.pc'
[15.322s] Level 1:colcon.colcon_core.environment:checking '/home/ros_ws/install/global_interface/lib/python3.8/site-packages'
[15.323s] Level 1:colcon.colcon_core.environment:checking '/home/ros_ws/install/global_interface/bin'
[15.324s] INFO:colcon.colcon_core.shell:Creating package script '/home/ros_ws/install/global_interface/share/global_interface/package.ps1'
[15.325s] INFO:colcon.colcon_core.shell:Creating package descriptor '/home/ros_ws/install/global_interface/share/global_interface/package.dsv'
[15.327s] INFO:colcon.colcon_core.shell:Creating package script '/home/ros_ws/install/global_interface/share/global_interface/package.sh'
[15.329s] INFO:colcon.colcon_core.shell:Creating package script '/home/ros_ws/install/global_interface/share/global_interface/package.bash'
[15.331s] INFO:colcon.colcon_core.shell:Creating package script '/home/ros_ws/install/global_interface/share/global_interface/package.zsh'
[15.332s] Level 1:colcon.colcon_core.environment:create_file_with_runtime_dependencies(/home/ros_ws/install/global_interface/share/colcon-core/packages/global_interface)
[15.361s] Level 1:colcon.colcon_core.environment:create_environment_scripts_only(global_interface)
[15.364s] Level 1:colcon.colcon_core.environment:checking '/home/ros_ws/install/global_interface' for CMake module files
[15.366s] Level 1:colcon.colcon_core.environment:checking '/home/ros_ws/install/global_interface' for CMake config files
[15.366s] Level 1:colcon.colcon_core.shell:create_environment_hook('global_interface', 'cmake_prefix_path')
[15.367s] INFO:colcon.colcon_core.shell:Creating environment hook '/home/ros_ws/install/global_interface/share/global_interface/hook/cmake_prefix_path.ps1'
[15.368s] INFO:colcon.colcon_core.shell:Creating environment descriptor '/home/ros_ws/install/global_interface/share/global_interface/hook/cmake_prefix_path.dsv'
[15.369s] INFO:colcon.colcon_core.shell:Creating environment hook '/home/ros_ws/install/global_interface/share/global_interface/hook/cmake_prefix_path.sh'
[15.370s] Level 1:colcon.colcon_core.environment:checking '/home/ros_ws/install/global_interface/bin'
[15.370s] Level 1:colcon.colcon_core.environment:checking '/home/ros_ws/install/global_interface/lib/pkgconfig/global_interface.pc'
[15.370s] Level 1:colcon.colcon_core.environment:checking '/home/ros_ws/install/global_interface/lib/python3.8/site-packages'
[15.370s] Level 1:colcon.colcon_core.environment:checking '/home/ros_ws/install/global_interface/bin'
[15.373s] INFO:colcon.colcon_core.shell:Creating package script '/home/ros_ws/install/global_interface/share/global_interface/package.ps1'
[15.373s] INFO:colcon.colcon_core.shell:Creating package descriptor '/home/ros_ws/install/global_interface/share/global_interface/package.dsv'
[15.374s] INFO:colcon.colcon_core.shell:Creating package script '/home/ros_ws/install/global_interface/share/global_interface/package.sh'
[15.374s] INFO:colcon.colcon_core.shell:Creating package script '/home/ros_ws/install/global_interface/share/global_interface/package.bash'
[15.375s] INFO:colcon.colcon_core.shell:Creating package script '/home/ros_ws/install/global_interface/share/global_interface/package.zsh'
[15.375s] Level 1:colcon.colcon_core.environment:create_file_with_runtime_dependencies(/home/ros_ws/install/global_interface/share/colcon-core/packages/global_interface)
