[0.029s] Invoking command in '/home/ros_ws/build/params_learning': CMAKE_PREFIX_PATH=/opt/ros/galactic /usr/bin/cmake --build /home/ros_ws/build/params_learning -- -j2 -l2
[0.108s] [35m[1mScanning dependencies of target pub[0m
[0.205s] [ 50%] [32mBuilding CXX object CMakeFiles/pub.dir/src/pub.cpp.o[0m
[3.505s] [100%] [32m[1mLinking CXX executable pub[0m
[3.669s] [100%] Built target pub
[3.690s] Invoked command in '/home/ros_ws/build/params_learning' returned '0': CMAKE_PREFIX_PATH=/opt/ros/galactic /usr/bin/cmake --build /home/ros_ws/build/params_learning -- -j2 -l2
[3.712s] Invoking command in '/home/ros_ws/build/params_learning': CMAKE_PREFIX_PATH=/opt/ros/galactic /usr/bin/cmake --install /home/ros_ws/build/params_learning
[3.723s] -- Install configuration: ""
[3.726s] -- Installing: /home/ros_ws/install/params_learning/lib/params_learning/pub
[3.728s] -- Set runtime path of "/home/ros_ws/install/params_learning/lib/params_learning/pub" to ""
[3.728s] -- Up-to-date: /home/ros_ws/install/params_learning/share/params_learning/launch
[3.730s] -- Up-to-date: /home/ros_ws/install/params_learning/share/params_learning/launch/node.launch.py
[3.734s] -- Up-to-date: /home/ros_ws/install/params_learning/share/params_learning/config
[3.734s] -- Up-to-date: /home/ros_ws/install/params_learning/share/params_learning/config/params.yaml
[3.734s] -- Up-to-date: /home/ros_ws/install/params_learning/share/ament_index/resource_index/package_run_dependencies/params_learning
[3.734s] -- Up-to-date: /home/ros_ws/install/params_learning/share/ament_index/resource_index/parent_prefix_path/params_learning
[3.734s] -- Up-to-date: /home/ros_ws/install/params_learning/share/params_learning/environment/ament_prefix_path.sh
[3.734s] -- Up-to-date: /home/ros_ws/install/params_learning/share/params_learning/environment/ament_prefix_path.dsv
[3.734s] -- Up-to-date: /home/ros_ws/install/params_learning/share/params_learning/environment/path.sh
[3.734s] -- Up-to-date: /home/ros_ws/install/params_learning/share/params_learning/environment/path.dsv
[3.734s] -- Up-to-date: /home/ros_ws/install/params_learning/share/params_learning/local_setup.bash
[3.734s] -- Up-to-date: /home/ros_ws/install/params_learning/share/params_learning/local_setup.sh
[3.734s] -- Up-to-date: /home/ros_ws/install/params_learning/share/params_learning/local_setup.zsh
[3.735s] -- Up-to-date: /home/ros_ws/install/params_learning/share/params_learning/local_setup.dsv
[3.735s] -- Installing: /home/ros_ws/install/params_learning/share/params_learning/package.dsv
[3.737s] -- Up-to-date: /home/ros_ws/install/params_learning/share/ament_index/resource_index/packages/params_learning
[3.737s] -- Up-to-date: /home/ros_ws/install/params_learning/share/params_learning/cmake/params_learningConfig.cmake
[3.737s] -- Up-to-date: /home/ros_ws/install/params_learning/share/params_learning/cmake/params_learningConfig-version.cmake
[3.737s] -- Up-to-date: /home/ros_ws/install/params_learning/share/params_learning/package.xml
[3.745s] Invoked command in '/home/ros_ws/build/params_learning' returned '0': CMAKE_PREFIX_PATH=/opt/ros/galactic /usr/bin/cmake --install /home/ros_ws/build/params_learning
