[0.019s] Invoking command in '/home/ros_ws/build/params_learning': CMAKE_PREFIX_PATH=${CMAKE_PREFIX_PATH}:/opt/ros/galactic /usr/bin/cmake --build /home/ros_ws/build/params_learning -- -j2 -l2
[0.059s] -- Found ament_cmake: 1.1.6 (/opt/ros/galactic/share/ament_cmake/cmake)
[0.084s] -- Using PYTHON_EXECUTABLE: /usr/bin/python3
[0.167s] -- Found rclcpp: 9.2.2 (/opt/ros/galactic/share/rclcpp/cmake)
[0.207s] -- Using all available rosidl_typesupport_c: rosidl_typesupport_fastrtps_c;rosidl_typesupport_introspection_c
[0.211s] -- Found rosidl_adapter: 2.2.3 (/opt/ros/galactic/share/rosidl_adapter/cmake)
[0.325s] -- Using all available rosidl_typesupport_cpp: rosidl_typesupport_fastrtps_cpp;rosidl_typesupport_introspection_cpp
[0.409s] -- Found rmw_implementation_cmake: 3.3.1 (/opt/ros/galactic/share/rmw_implementation_cmake/cmake)
[0.412s] -- Found rmw_cyclonedds_cpp: 0.22.6 (/opt/ros/galactic/share/rmw_cyclonedds_cpp/cmake)
[0.437s] -- Using RMW implementation 'rmw_cyclonedds_cpp' as default
[0.579s] -- Found rclcpp_components: 9.2.2 (/opt/ros/galactic/share/rclcpp_components/cmake)
[0.625s] -- Found rclpy: 1.9.3 (/opt/ros/galactic/share/rclpy/cmake)
[0.626s] -- Found rclcpp_lifecycle: 9.2.2 (/opt/ros/galactic/share/rclcpp_lifecycle/cmake)
[0.652s] -- Found sensor_msgs: 2.2.4 (/opt/ros/galactic/share/sensor_msgs/cmake)
[0.749s] -- Found rosidl_default_generators: 1.1.1 (/opt/ros/galactic/share/rosidl_default_generators/cmake)
[0.814s] -- Configuring done
[0.831s] -- Generating done
[0.835s] -- Build files have been written to: /home/ros_ws/build/params_learning
[0.871s] [100%] Built target pub
[0.886s] Invoked command in '/home/ros_ws/build/params_learning' returned '0': CMAKE_PREFIX_PATH=${CMAKE_PREFIX_PATH}:/opt/ros/galactic /usr/bin/cmake --build /home/ros_ws/build/params_learning -- -j2 -l2
[0.907s] Invoking command in '/home/ros_ws/build/params_learning': CMAKE_PREFIX_PATH=${CMAKE_PREFIX_PATH}:/opt/ros/galactic /usr/bin/cmake --install /home/ros_ws/build/params_learning
[0.916s] -- Install configuration: ""
[0.916s] -- Up-to-date: /home/ros_ws/install/params_learning/lib/params_learning/pub
[0.919s] -- Up-to-date: /home/ros_ws/install/params_learning/share/params_learning/launch
[0.921s] -- Up-to-date: /home/ros_ws/install/params_learning/share/params_learning/launch/node.launch.py
[0.921s] -- Up-to-date: /home/ros_ws/install/params_learning/share/params_learning/config
[0.922s] -- Up-to-date: /home/ros_ws/install/params_learning/share/params_learning/config/params.yaml
[0.922s] -- Up-to-date: /home/ros_ws/install/params_learning/share/ament_index/resource_index/package_run_dependencies/params_learning
[0.922s] -- Up-to-date: /home/ros_ws/install/params_learning/share/ament_index/resource_index/parent_prefix_path/params_learning
[0.922s] -- Up-to-date: /home/ros_ws/install/params_learning/share/params_learning/environment/ament_prefix_path.sh
[0.922s] -- Installing: /home/ros_ws/install/params_learning/share/params_learning/environment/ament_prefix_path.dsv
[0.922s] -- Up-to-date: /home/ros_ws/install/params_learning/share/params_learning/environment/path.sh
[0.922s] -- Installing: /home/ros_ws/install/params_learning/share/params_learning/environment/path.dsv
[0.922s] -- Up-to-date: /home/ros_ws/install/params_learning/share/params_learning/local_setup.bash
[0.922s] -- Up-to-date: /home/ros_ws/install/params_learning/share/params_learning/local_setup.sh
[0.922s] -- Up-to-date: /home/ros_ws/install/params_learning/share/params_learning/local_setup.zsh
[0.922s] -- Installing: /home/ros_ws/install/params_learning/share/params_learning/local_setup.dsv
[0.926s] -- Installing: /home/ros_ws/install/params_learning/share/params_learning/package.dsv
[0.926s] -- Up-to-date: /home/ros_ws/install/params_learning/share/ament_index/resource_index/packages/params_learning
[0.926s] -- Up-to-date: /home/ros_ws/install/params_learning/share/params_learning/cmake/params_learningConfig.cmake
[0.926s] -- Up-to-date: /home/ros_ws/install/params_learning/share/params_learning/cmake/params_learningConfig-version.cmake
[0.926s] -- Up-to-date: /home/ros_ws/install/params_learning/share/params_learning/package.xml
[0.932s] Invoked command in '/home/ros_ws/build/params_learning' returned '0': CMAKE_PREFIX_PATH=${CMAKE_PREFIX_PATH}:/opt/ros/galactic /usr/bin/cmake --install /home/ros_ws/build/params_learning
