[0.022s] Invoking command in '/home/ros_ws/build/global_interface': CMAKE_PREFIX_PATH=/opt/ros/galactic /usr/bin/cmake /home/ros_ws/src/global_interface -DCMAKE_INSTALL_PREFIX=/home/ros_ws/install/global_interface
[0.275s] -- The C compiler identification is GNU 9.4.0
[0.399s] -- The CXX compiler identification is GNU 9.4.0
[0.409s] -- Check for working C compiler: /usr/bin/cc
[0.469s] -- Check for working C compiler: /usr/bin/cc -- works
[0.471s] -- Detecting C compiler ABI info
[0.535s] -- Detecting C compiler ABI info - done
[0.543s] -- Detecting C compile features
[0.543s] -- Detecting C compile features - done
[0.547s] -- Check for working CXX compiler: /usr/bin/c++
[0.613s] -- Check for working CXX compiler: /usr/bin/c++ -- works
[0.615s] -- Detecting CXX compiler ABI info
[0.706s] -- Detecting CXX compiler ABI info - done
[0.715s] -- Detecting CXX compile features
[0.715s] -- Detecting CXX compile features - done
[0.721s] -- Found ament_cmake: 1.1.6 (/opt/ros/galactic/share/ament_cmake/cmake)
[0.747s] -- Found PythonInterp: /usr/bin/python3 (found suitable version "3.8.10", minimum required is "3") 
[0.747s] -- Using PYTHON_EXECUTABLE: /usr/bin/python3
[0.839s] -- Found ament_lint_auto: 0.10.7 (/opt/ros/galactic/share/ament_lint_auto/cmake)
[0.914s] -- Added test 'copyright' to check source files copyright and LICENSE
[0.916s] -- Added test 'lint_cmake' to check CMake code style
[0.918s] -- Added test 'xmllint' to check XML markup files
[0.921s] -- Configuring done
[0.923s] -- Generating done
[0.925s] -- Build files have been written to: /home/ros_ws/build/global_interface
[0.931s] Invoked command in '/home/ros_ws/build/global_interface' returned '0': CMAKE_PREFIX_PATH=/opt/ros/galactic /usr/bin/cmake /home/ros_ws/src/global_interface -DCMAKE_INSTALL_PREFIX=/home/ros_ws/install/global_interface
[0.932s] Invoking command in '/home/ros_ws/build/global_interface': CMAKE_PREFIX_PATH=/opt/ros/galactic /usr/bin/cmake --build /home/ros_ws/build/global_interface -- -j2 -l2
[0.964s] Invoked command in '/home/ros_ws/build/global_interface' returned '0': CMAKE_PREFIX_PATH=/opt/ros/galactic /usr/bin/cmake --build /home/ros_ws/build/global_interface -- -j2 -l2
[0.981s] Invoking command in '/home/ros_ws/build/global_interface': CMAKE_PREFIX_PATH=/opt/ros/galactic /usr/bin/cmake --install /home/ros_ws/build/global_interface
[0.988s] -- Install configuration: ""
[0.988s] -- Installing: /home/ros_ws/install/global_interface/share/ament_index/resource_index/package_run_dependencies/global_interface
[0.989s] -- Installing: /home/ros_ws/install/global_interface/share/ament_index/resource_index/parent_prefix_path/global_interface
[0.990s] -- Installing: /home/ros_ws/install/global_interface/share/global_interface/environment/ament_prefix_path.sh
[0.991s] -- Installing: /home/ros_ws/install/global_interface/share/global_interface/environment/ament_prefix_path.dsv
[0.991s] -- Installing: /home/ros_ws/install/global_interface/share/global_interface/environment/path.sh
[0.992s] -- Installing: /home/ros_ws/install/global_interface/share/global_interface/environment/path.dsv
[0.993s] -- Installing: /home/ros_ws/install/global_interface/share/global_interface/local_setup.bash
[0.993s] -- Installing: /home/ros_ws/install/global_interface/share/global_interface/local_setup.sh
[0.994s] -- Installing: /home/ros_ws/install/global_interface/share/global_interface/local_setup.zsh
[0.995s] -- Installing: /home/ros_ws/install/global_interface/share/global_interface/local_setup.dsv
[0.995s] -- Installing: /home/ros_ws/install/global_interface/share/global_interface/package.dsv
[0.995s] -- Installing: /home/ros_ws/install/global_interface/share/ament_index/resource_index/packages/global_interface
[0.996s] -- Installing: /home/ros_ws/install/global_interface/share/global_interface/cmake/global_interfaceConfig.cmake
[0.996s] -- Installing: /home/ros_ws/install/global_interface/share/global_interface/cmake/global_interfaceConfig-version.cmake
[0.997s] -- Installing: /home/ros_ws/install/global_interface/share/global_interface/package.xml
[1.005s] Invoked command in '/home/ros_ws/build/global_interface' returned '0': CMAKE_PREFIX_PATH=/opt/ros/galactic /usr/bin/cmake --install /home/ros_ws/build/global_interface
