[0.027s] Invoking command in '/home/ros_ws/build/params_learning': CMAKE_PREFIX_PATH=${CMAKE_PREFIX_PATH}:/opt/ros/galactic /usr/bin/cmake --build /home/ros_ws/build/params_learning -- -j2 -l2
[0.083s] [100%] Built target pub
[0.123s] Invoked command in '/home/ros_ws/build/params_learning' returned '0': CMAKE_PREFIX_PATH=${CMAKE_PREFIX_PATH}:/opt/ros/galactic /usr/bin/cmake --build /home/ros_ws/build/params_learning -- -j2 -l2
[0.149s] Invoking command in '/home/ros_ws/build/params_learning': CMAKE_PREFIX_PATH=${CMAKE_PREFIX_PATH}:/opt/ros/galactic /usr/bin/cmake --install /home/ros_ws/build/params_learning
[0.160s] -- Install configuration: ""
[0.161s] -- Up-to-date: /home/ros_ws/install/params_learning/lib/params_learning/pub
[0.161s] -- Up-to-date: /home/ros_ws/install/params_learning/share/params_learning/launch
[0.162s] -- Up-to-date: /home/ros_ws/install/params_learning/share/params_learning/launch/node.launch.py
[0.163s] -- Up-to-date: /home/ros_ws/install/params_learning/share/params_learning/config
[0.163s] -- Up-to-date: /home/ros_ws/install/params_learning/share/params_learning/config/params.yaml
[0.164s] -- Up-to-date: /home/ros_ws/install/params_learning/share/ament_index/resource_index/package_run_dependencies/params_learning
[0.164s] -- Up-to-date: /home/ros_ws/install/params_learning/share/ament_index/resource_index/parent_prefix_path/params_learning
[0.165s] -- Up-to-date: /home/ros_ws/install/params_learning/share/params_learning/environment/ament_prefix_path.sh
[0.168s] -- Up-to-date: /home/ros_ws/install/params_learning/share/params_learning/environment/ament_prefix_path.dsv
[0.169s] -- Up-to-date: /home/ros_ws/install/params_learning/share/params_learning/environment/path.sh
[0.169s] -- Up-to-date: /home/ros_ws/install/params_learning/share/params_learning/environment/path.dsv
[0.170s] -- Up-to-date: /home/ros_ws/install/params_learning/share/params_learning/local_setup.bash
[0.170s] -- Up-to-date: /home/ros_ws/install/params_learning/share/params_learning/local_setup.sh
[0.171s] -- Up-to-date: /home/ros_ws/install/params_learning/share/params_learning/local_setup.zsh
[0.173s] -- Up-to-date: /home/ros_ws/install/params_learning/share/params_learning/local_setup.dsv
[0.174s] -- Installing: /home/ros_ws/install/params_learning/share/params_learning/package.dsv
[0.174s] -- Up-to-date: /home/ros_ws/install/params_learning/share/ament_index/resource_index/packages/params_learning
[0.175s] -- Up-to-date: /home/ros_ws/install/params_learning/share/params_learning/cmake/params_learningConfig.cmake
[0.175s] -- Up-to-date: /home/ros_ws/install/params_learning/share/params_learning/cmake/params_learningConfig-version.cmake
[0.175s] -- Up-to-date: /home/ros_ws/install/params_learning/share/params_learning/package.xml
[0.176s] Invoked command in '/home/ros_ws/build/params_learning' returned '0': CMAKE_PREFIX_PATH=${CMAKE_PREFIX_PATH}:/opt/ros/galactic /usr/bin/cmake --install /home/ros_ws/build/params_learning
